{"D:\\movie-booking-frontend\\src\\api\\authService.js": {"path":"D:\\movie-booking-frontend\\src\\api\\authService.js","statementMap":{"0":{"start":{"line":4,"column":21},"end":{"line":8,"column":1}},"1":{"start":{"line":11,"column":2},"end":{"line":12,"column":50}},"2":{"start":{"line":11,"column":12},"end":{"line":11,"column":74}},"3":{"start":{"line":12,"column":7},"end":{"line":12,"column":50}},"4":{"start":{"line":16,"column":14},"end":{"line":16,"column":53}},"5":{"start":{"line":17,"column":2},"end":{"line":21,"column":3}},"6":{"start":{"line":18,"column":4},"end":{"line":18,"column":40}},"7":{"start":{"line":20,"column":4},"end":{"line":20,"column":16}},"8":{"start":{"line":25,"column":2},"end":{"line":25,"column":26}},"9":{"start":{"line":29,"column":2},"end":{"line":29,"column":26}},"10":{"start":{"line":30,"column":2},"end":{"line":30,"column":52}},"11":{"start":{"line":31,"column":2},"end":{"line":31,"column":53}},"12":{"start":{"line":36,"column":2},"end":{"line":50,"column":3}},"13":{"start":{"line":37,"column":4},"end":{"line":37,"column":57}},"14":{"start":{"line":37,"column":45},"end":{"line":37,"column":57}},"15":{"start":{"line":38,"column":18},"end":{"line":38,"column":34}},"16":{"start":{"line":39,"column":4},"end":{"line":39,"column":38}},"17":{"start":{"line":39,"column":26},"end":{"line":39,"column":38}},"18":{"start":{"line":40,"column":19},"end":{"line":40,"column":65}},"19":{"start":{"line":41,"column":17},"end":{"line":46,"column":5}},"20":{"start":{"line":44,"column":20},"end":{"line":44,"column":73}},"21":{"start":{"line":47,"column":4},"end":{"line":47,"column":28}},"22":{"start":{"line":49,"column":4},"end":{"line":49,"column":16}},"23":{"start":{"line":54,"column":12},"end":{"line":54,"column":35}},"24":{"start":{"line":55,"column":2},"end":{"line":55,"column":63}},"25":{"start":{"line":60,"column":15},"end":{"line":66,"column":3}},"26":{"start":{"line":68,"column":2},"end":{"line":71,"column":5}},"27":{"start":{"line":73,"column":2},"end":{"line":73,"column":27}},"28":{"start":{"line":78,"column":14},"end":{"line":81,"column":4}},"29":{"start":{"line":83,"column":15},"end":{"line":83,"column":31}},"30":{"start":{"line":86,"column":4},"end":{"line":89,"column":8}},"31":{"start":{"line":92,"column":4},"end":{"line":95,"column":8}},"32":{"start":{"line":98,"column":4},"end":{"line":98,"column":42}},"33":{"start":{"line":100,"column":2},"end":{"line":100,"column":79}},"34":{"start":{"line":100,"column":19},"end":{"line":100,"column":79}},"35":{"start":{"line":101,"column":2},"end":{"line":101,"column":82}},"36":{"start":{"line":101,"column":20},"end":{"line":101,"column":82}},"37":{"start":{"line":103,"column":2},"end":{"line":106,"column":3}},"38":{"start":{"line":104,"column":4},"end":{"line":104,"column":28}},"39":{"start":{"line":108,"column":2},"end":{"line":108,"column":27}},"40":{"start":{"line":113,"column":14},"end":{"line":113,"column":46}},"41":{"start":{"line":114,"column":14},"end":{"line":114,"column":30}},"42":{"start":{"line":116,"column":17},"end":{"line":116,"column":32}},"43":{"start":{"line":117,"column":16},"end":{"line":117,"column":62}},"44":{"start":{"line":120,"column":4},"end":{"line":125,"column":8}},"45":{"start":{"line":127,"column":18},"end":{"line":131,"column":3}},"46":{"start":{"line":133,"column":2},"end":{"line":133,"column":29}},"47":{"start":{"line":134,"column":2},"end":{"line":134,"column":17}},"48":{"start":{"line":139,"column":2},"end":{"line":139,"column":20}},"49":{"start":{"line":140,"column":2},"end":{"line":142,"column":12}},"50":{"start":{"line":141,"column":4},"end":{"line":141,"column":55}},"51":{"start":{"line":147,"column":2},"end":{"line":149,"column":5}},"52":{"start":{"line":154,"column":14},"end":{"line":154,"column":64}},"53":{"start":{"line":157,"column":18},"end":{"line":157,"column":34}},"54":{"start":{"line":159,"column":4},"end":{"line":162,"column":8}},"55":{"start":{"line":164,"column":2},"end":{"line":164,"column":79}},"56":{"start":{"line":164,"column":19},"end":{"line":164,"column":79}},"57":{"start":{"line":166,"column":2},"end":{"line":166,"column":14}}},"fnMap":{"0":{"name":"saveUserToStorage","decl":{"start":{"line":10,"column":9},"end":{"line":10,"column":26}},"loc":{"start":{"line":10,"column":33},"end":{"line":13,"column":1}},"line":10},"1":{"name":"getStoredUser","decl":{"start":{"line":15,"column":16},"end":{"line":15,"column":29}},"loc":{"start":{"line":15,"column":32},"end":{"line":22,"column":1}},"line":15},"2":{"name":"setStoredUser","decl":{"start":{"line":24,"column":16},"end":{"line":24,"column":29}},"loc":{"start":{"line":24,"column":36},"end":{"line":26,"column":1}},"line":24},"3":{"name":"clearStoredUser","decl":{"start":{"line":28,"column":16},"end":{"line":28,"column":31}},"loc":{"start":{"line":28,"column":34},"end":{"line":32,"column":1}},"line":28},"4":{"name":"decodeJwtPayload","decl":{"start":{"line":35,"column":9},"end":{"line":35,"column":25}},"loc":{"start":{"line":35,"column":33},"end":{"line":51,"column":1}},"line":35},"5":{"name":"(anonymous_5)","decl":{"start":{"line":44,"column":13},"end":{"line":44,"column":14}},"loc":{"start":{"line":44,"column":20},"end":{"line":44,"column":73}},"line":44},"6":{"name":"roleFromJwt","decl":{"start":{"line":53,"column":9},"end":{"line":53,"column":20}},"loc":{"start":{"line":53,"column":28},"end":{"line":56,"column":1}},"line":53},"7":{"name":"register","decl":{"start":{"line":59,"column":22},"end":{"line":59,"column":30}},"loc":{"start":{"line":59,"column":69},"end":{"line":74,"column":1}},"line":59},"8":{"name":"login","decl":{"start":{"line":77,"column":22},"end":{"line":77,"column":27}},"loc":{"start":{"line":77,"column":49},"end":{"line":109,"column":1}},"line":77},"9":{"name":"me","decl":{"start":{"line":112,"column":22},"end":{"line":112,"column":24}},"loc":{"start":{"line":112,"column":27},"end":{"line":135,"column":1}},"line":112},"10":{"name":"logout","decl":{"start":{"line":138,"column":22},"end":{"line":138,"column":28}},"loc":{"start":{"line":138,"column":31},"end":{"line":143,"column":1}},"line":138},"11":{"name":"logoutAll","decl":{"start":{"line":146,"column":22},"end":{"line":146,"column":31}},"loc":{"start":{"line":146,"column":39},"end":{"line":150,"column":1}},"line":146},"12":{"name":"refreshToken","decl":{"start":{"line":153,"column":22},"end":{"line":153,"column":34}},"loc":{"start":{"line":153,"column":37},"end":{"line":167,"column":1}},"line":153}},"branchMap":{"0":{"loc":{"start":{"line":11,"column":2},"end":{"line":12,"column":50}},"type":"if","locations":[{"start":{"line":11,"column":2},"end":{"line":12,"column":50}},{"start":{"line":12,"column":7},"end":{"line":12,"column":50}}],"line":11},"1":{"loc":{"start":{"line":18,"column":11},"end":{"line":18,"column":39}},"type":"cond-expr","locations":[{"start":{"line":18,"column":17},"end":{"line":18,"column":32}},{"start":{"line":18,"column":35},"end":{"line":18,"column":39}}],"line":18},"2":{"loc":{"start":{"line":37,"column":4},"end":{"line":37,"column":57}},"type":"if","locations":[{"start":{"line":37,"column":4},"end":{"line":37,"column":57}},{"start":{},"end":{}}],"line":37},"3":{"loc":{"start":{"line":37,"column":8},"end":{"line":37,"column":43}},"type":"binary-expr","locations":[{"start":{"line":37,"column":8},"end":{"line":37,"column":14}},{"start":{"line":37,"column":18},"end":{"line":37,"column":43}}],"line":37},"4":{"loc":{"start":{"line":39,"column":4},"end":{"line":39,"column":38}},"type":"if","locations":[{"start":{"line":39,"column":4},"end":{"line":39,"column":38}},{"start":{},"end":{}}],"line":39},"5":{"loc":{"start":{"line":55,"column":9},"end":{"line":55,"column":62}},"type":"binary-expr","locations":[{"start":{"line":55,"column":9},"end":{"line":55,"column":16}},{"start":{"line":55,"column":20},"end":{"line":55,"column":31}},{"start":{"line":55,"column":35},"end":{"line":55,"column":54}},{"start":{"line":55,"column":58},"end":{"line":55,"column":62}}],"line":55},"6":{"loc":{"start":{"line":61,"column":17},"end":{"line":61,"column":28}},"type":"binary-expr","locations":[{"start":{"line":61,"column":17},"end":{"line":61,"column":22}},{"start":{"line":61,"column":26},"end":{"line":61,"column":28}}],"line":61},"7":{"loc":{"start":{"line":83,"column":15},"end":{"line":83,"column":31}},"type":"binary-expr","locations":[{"start":{"line":83,"column":15},"end":{"line":83,"column":24}},{"start":{"line":83,"column":28},"end":{"line":83,"column":31}}],"line":83},"8":{"loc":{"start":{"line":86,"column":4},"end":{"line":89,"column":8}},"type":"binary-expr","locations":[{"start":{"line":86,"column":4},"end":{"line":86,"column":21}},{"start":{"line":87,"column":4},"end":{"line":87,"column":27}},{"start":{"line":88,"column":4},"end":{"line":88,"column":27}},{"start":{"line":89,"column":4},"end":{"line":89,"column":8}}],"line":86},"9":{"loc":{"start":{"line":92,"column":4},"end":{"line":95,"column":8}},"type":"binary-expr","locations":[{"start":{"line":92,"column":4},"end":{"line":92,"column":22}},{"start":{"line":93,"column":4},"end":{"line":93,"column":28}},{"start":{"line":94,"column":4},"end":{"line":94,"column":28}},{"start":{"line":95,"column":4},"end":{"line":95,"column":8}}],"line":92},"10":{"loc":{"start":{"line":98,"column":4},"end":{"line":98,"column":42}},"type":"binary-expr","locations":[{"start":{"line":98,"column":4},"end":{"line":98,"column":14}},{"start":{"line":98,"column":18},"end":{"line":98,"column":34}},{"start":{"line":98,"column":38},"end":{"line":98,"column":42}}],"line":98},"11":{"loc":{"start":{"line":100,"column":2},"end":{"line":100,"column":79}},"type":"if","locations":[{"start":{"line":100,"column":2},"end":{"line":100,"column":79}},{"start":{},"end":{}}],"line":100},"12":{"loc":{"start":{"line":101,"column":2},"end":{"line":101,"column":82}},"type":"if","locations":[{"start":{"line":101,"column":2},"end":{"line":101,"column":82}},{"start":{},"end":{}}],"line":101},"13":{"loc":{"start":{"line":103,"column":2},"end":{"line":106,"column":3}},"type":"if","locations":[{"start":{"line":103,"column":2},"end":{"line":106,"column":3}},{"start":{"line":105,"column":9},"end":{"line":106,"column":3}}],"line":103},"14":{"loc":{"start":{"line":114,"column":14},"end":{"line":114,"column":30}},"type":"binary-expr","locations":[{"start":{"line":114,"column":14},"end":{"line":114,"column":23}},{"start":{"line":114,"column":27},"end":{"line":114,"column":30}}],"line":114},"15":{"loc":{"start":{"line":120,"column":4},"end":{"line":125,"column":8}},"type":"binary-expr","locations":[{"start":{"line":120,"column":4},"end":{"line":120,"column":13}},{"start":{"line":121,"column":4},"end":{"line":121,"column":17}},{"start":{"line":122,"column":4},"end":{"line":122,"column":16}},{"start":{"line":123,"column":4},"end":{"line":123,"column":20}},{"start":{"line":124,"column":4},"end":{"line":124,"column":22}},{"start":{"line":125,"column":4},"end":{"line":125,"column":8}}],"line":120},"16":{"loc":{"start":{"line":157,"column":18},"end":{"line":157,"column":34}},"type":"binary-expr","locations":[{"start":{"line":157,"column":18},"end":{"line":157,"column":27}},{"start":{"line":157,"column":31},"end":{"line":157,"column":34}}],"line":157},"17":{"loc":{"start":{"line":159,"column":4},"end":{"line":162,"column":8}},"type":"binary-expr","locations":[{"start":{"line":159,"column":4},"end":{"line":159,"column":24}},{"start":{"line":160,"column":4},"end":{"line":160,"column":30}},{"start":{"line":161,"column":4},"end":{"line":161,"column":30}},{"start":{"line":162,"column":4},"end":{"line":162,"column":8}}],"line":159},"18":{"loc":{"start":{"line":164,"column":2},"end":{"line":164,"column":79}},"type":"if","locations":[{"start":{"line":164,"column":2},"end":{"line":164,"column":79}},{"start":{},"end":{}}],"line":164}},"s":{"0":2,"1":7,"2":5,"3":2,"4":2,"5":2,"6":2,"7":0,"8":3,"9":2,"10":2,"11":2,"12":0,"13":0,"14":0,"15":0,"16":0,"17":0,"18":0,"19":0,"20":0,"21":0,"22":0,"23":0,"24":0,"25":1,"26":1,"27":1,"28":1,"29":1,"30":1,"31":1,"32":1,"33":1,"34":1,"35":1,"36":1,"37":1,"38":1,"39":1,"40":1,"41":1,"42":1,"43":1,"44":1,"45":1,"46":1,"47":1,"48":1,"49":1,"50":1,"51":1,"52":1,"53":1,"54":1,"55":1,"56":1,"57":1},"f":{"0":7,"1":2,"2":3,"3":2,"4":0,"5":0,"6":0,"7":1,"8":1,"9":1,"10":1,"11":1,"12":1},"b":{"0":[5,2],"1":[2,0],"2":[0,0],"3":[0,0],"4":[0,0],"5":[0,0,0,0],"6":[1,0],"7":[1,0],"8":[1,0,0,0],"9":[1,0,0,0],"10":[1,0,0],"11":[1,0],"12":[1,0],"13":[1,0],"14":[1,0],"15":[1,0,0,0,0,0],"16":[1,0],"17":[1,0,0,0],"18":[1,0]},"meta":{"lastBranch":19,"lastFunction":13,"lastStatement":58,"seen":{"s:4:21:8:1":0,"f:10:9:10:26":0,"b:11:2:12:50:12:7:12:50":0,"s:11:2:12:50":1,"s:11:12:11:74":2,"s:12:7:12:50":3,"f:15:16:15:29":1,"s:16:14:16:53":4,"s:17:2:21:3":5,"s:18:4:18:40":6,"b:18:17:18:32:18:35:18:39":1,"s:20:4:20:16":7,"f:24:16:24:29":2,"s:25:2:25:26":8,"f:28:16:28:31":3,"s:29:2:29:26":9,"s:30:2:30:52":10,"s:31:2:31:53":11,"f:35:9:35:25":4,"s:36:2:50:3":12,"b:37:4:37:57:undefined:undefined:undefined:undefined":2,"s:37:4:37:57":13,"b:37:8:37:14:37:18:37:43":3,"s:37:45:37:57":14,"s:38:18:38:34":15,"b:39:4:39:38:undefined:undefined:undefined:undefined":4,"s:39:4:39:38":16,"s:39:26:39:38":17,"s:40:19:40:65":18,"s:41:17:46:5":19,"f:44:13:44:14":5,"s:44:20:44:73":20,"s:47:4:47:28":21,"s:49:4:49:16":22,"f:53:9:53:20":6,"s:54:12:54:35":23,"s:55:2:55:63":24,"b:55:9:55:16:55:20:55:31:55:35:55:54:55:58:55:62":5,"f:59:22:59:30":7,"s:60:15:66:3":25,"b:61:17:61:22:61:26:61:28":6,"s:68:2:71:5":26,"s:73:2:73:27":27,"f:77:22:77:27":8,"s:78:14:81:4":28,"s:83:15:83:31":29,"b:83:15:83:24:83:28:83:31":7,"s:86:4:89:8":30,"b:86:4:86:21:87:4:87:27:88:4:88:27:89:4:89:8":8,"s:92:4:95:8":31,"b:92:4:92:22:93:4:93:28:94:4:94:28:95:4:95:8":9,"s:98:4:98:42":32,"b:98:4:98:14:98:18:98:34:98:38:98:42":10,"b:100:2:100:79:undefined:undefined:undefined:undefined":11,"s:100:2:100:79":33,"s:100:19:100:79":34,"b:101:2:101:82:undefined:undefined:undefined:undefined":12,"s:101:2:101:82":35,"s:101:20:101:82":36,"b:103:2:106:3:105:9:106:3":13,"s:103:2:106:3":37,"s:104:4:104:28":38,"s:108:2:108:27":39,"f:112:22:112:24":9,"s:113:14:113:46":40,"s:114:14:114:30":41,"b:114:14:114:23:114:27:114:30":14,"s:116:17:116:32":42,"s:117:16:117:62":43,"s:120:4:125:8":44,"b:120:4:120:13:121:4:121:17:122:4:122:16:123:4:123:20:124:4:124:22:125:4:125:8":15,"s:127:18:131:3":45,"s:133:2:133:29":46,"s:134:2:134:17":47,"f:138:22:138:28":10,"s:139:2:139:20":48,"s:140:2:142:12":49,"s:141:4:141:55":50,"f:146:22:146:31":11,"s:147:2:149:5":51,"f:153:22:153:34":12,"s:154:14:154:64":52,"s:157:18:157:34":53,"b:157:18:157:27:157:31:157:34":16,"s:159:4:162:8":54,"b:159:4:159:24:160:4:160:30:161:4:161:30:162:4:162:8":17,"b:164:2:164:79:undefined:undefined:undefined:undefined":18,"s:164:2:164:79":55,"s:164:19:164:79":56,"s:166:2:166:14":57}}}
,"D:\\movie-booking-frontend\\src\\api\\bookingService.js": {"path":"D:\\movie-booking-frontend\\src\\api\\bookingService.js","statementMap":{"0":{"start":{"line":3,"column":17},"end":{"line":3,"column":22}},"1":{"start":{"line":6,"column":2},"end":{"line":6,"column":25}},"2":{"start":{"line":6,"column":13},"end":{"line":6,"column":25}},"3":{"start":{"line":9,"column":4},"end":{"line":12,"column":11}},"4":{"start":{"line":14,"column":2},"end":{"line":32,"column":4}},"5":{"start":{"line":41,"column":2},"end":{"line":47,"column":3}},"6":{"start":{"line":43,"column":4},"end":{"line":45,"column":5}},"7":{"start":{"line":44,"column":6},"end":{"line":44,"column":56}},"8":{"start":{"line":46,"column":4},"end":{"line":46,"column":34}},"9":{"start":{"line":49,"column":14},"end":{"line":49,"column":71}},"10":{"start":{"line":50,"column":15},"end":{"line":50,"column":30}},"11":{"start":{"line":51,"column":2},"end":{"line":51,"column":79}},"12":{"start":{"line":55,"column":14},"end":{"line":55,"column":35}},"13":{"start":{"line":56,"column":2},"end":{"line":75,"column":3}},"14":{"start":{"line":57,"column":13},"end":{"line":57,"column":38}},"15":{"start":{"line":58,"column":4},"end":{"line":70,"column":5}},"16":{"start":{"line":59,"column":6},"end":{"line":68,"column":7}},"17":{"start":{"line":60,"column":8},"end":{"line":60,"column":33}},"18":{"start":{"line":63,"column":8},"end":{"line":67,"column":11}},"19":{"start":{"line":64,"column":20},"end":{"line":64,"column":44}},"20":{"start":{"line":65,"column":20},"end":{"line":65,"column":51}},"21":{"start":{"line":66,"column":10},"end":{"line":66,"column":32}},"22":{"start":{"line":69,"column":6},"end":{"line":69,"column":36}},"23":{"start":{"line":71,"column":4},"end":{"line":71,"column":14}},"24":{"start":{"line":73,"column":4},"end":{"line":73,"column":71}},"25":{"start":{"line":74,"column":4},"end":{"line":74,"column":16}},"26":{"start":{"line":97,"column":24},"end":{"line":342,"column":1}},"27":{"start":{"line":345,"column":31},"end":{"line":373,"column":1}},"28":{"start":{"line":383,"column":2},"end":{"line":383,"column":29}},"29":{"start":{"line":383,"column":17},"end":{"line":383,"column":29}},"30":{"start":{"line":384,"column":20},"end":{"line":384,"column":62}},"31":{"start":{"line":387,"column":4},"end":{"line":392,"column":15}},"32":{"start":{"line":394,"column":2},"end":{"line":404,"column":4}},"33":{"start":{"line":414,"column":2},"end":{"line":421,"column":3}},"34":{"start":{"line":415,"column":22},"end":{"line":418,"column":7}},"35":{"start":{"line":415,"column":50},"end":{"line":418,"column":5}},"36":{"start":{"line":420,"column":4},"end":{"line":420,"column":62}},"37":{"start":{"line":424,"column":14},"end":{"line":424,"column":68}},"38":{"start":{"line":425,"column":15},"end":{"line":425,"column":30}},"39":{"start":{"line":427,"column":2},"end":{"line":429,"column":21}},"40":{"start":{"line":444,"column":16},"end":{"line":447,"column":5}},"41":{"start":{"line":444,"column":45},"end":{"line":447,"column":3}},"42":{"start":{"line":449,"column":2},"end":{"line":449,"column":55}},"43":{"start":{"line":462,"column":2},"end":{"line":464,"column":3}},"44":{"start":{"line":463,"column":4},"end":{"line":463,"column":54}},"45":{"start":{"line":466,"column":20},"end":{"line":466,"column":47}},"46":{"start":{"line":468,"column":2},"end":{"line":471,"column":5}},"47":{"start":{"line":473,"column":2},"end":{"line":473,"column":39}},"48":{"start":{"line":503,"column":2},"end":{"line":524,"column":3}},"49":{"start":{"line":504,"column":23},"end":{"line":507,"column":5}},"50":{"start":{"line":505,"column":21},"end":{"line":505,"column":67}},"51":{"start":{"line":509,"column":21},"end":{"line":509,"column":31}},"52":{"start":{"line":510,"column":21},"end":{"line":510,"column":22}},"53":{"start":{"line":511,"column":18},"end":{"line":511,"column":37}},"54":{"start":{"line":513,"column":4},"end":{"line":523,"column":6}},"55":{"start":{"line":526,"column":20},"end":{"line":526,"column":47}},"56":{"start":{"line":528,"column":2},"end":{"line":539,"column":5}},"57":{"start":{"line":534,"column":41},"end":{"line":537,"column":7}},"58":{"start":{"line":561,"column":2},"end":{"line":563,"column":3}},"59":{"start":{"line":562,"column":4},"end":{"line":562,"column":62}},"60":{"start":{"line":566,"column":20},"end":{"line":566,"column":47}},"61":{"start":{"line":568,"column":2},"end":{"line":583,"column":3}},"62":{"start":{"line":569,"column":16},"end":{"line":569,"column":26}},"63":{"start":{"line":570,"column":22},"end":{"line":570,"column":70}},"64":{"start":{"line":572,"column":4},"end":{"line":582,"column":6}},"65":{"start":{"line":576,"column":31},"end":{"line":579,"column":7}},"66":{"start":{"line":585,"column":23},"end":{"line":588,"column":5}},"67":{"start":{"line":585,"column":41},"end":{"line":588,"column":3}},"68":{"start":{"line":590,"column":14},"end":{"line":601,"column":4}},"69":{"start":{"line":603,"column":2},"end":{"line":603,"column":13}},"70":{"start":{"line":607,"column":2},"end":{"line":607,"column":26}},"71":{"start":{"line":607,"column":19},"end":{"line":607,"column":26}},"72":{"start":{"line":608,"column":2},"end":{"line":610,"column":5}},"73":{"start":{"line":644,"column":6},"end":{"line":644,"column":13}},"74":{"start":{"line":646,"column":2},"end":{"line":650,"column":3}},"75":{"start":{"line":647,"column":4},"end":{"line":649,"column":6}},"76":{"start":{"line":652,"column":2},"end":{"line":657,"column":3}},"77":{"start":{"line":654,"column":4},"end":{"line":656,"column":6}},"78":{"start":{"line":660,"column":4},"end":{"line":667,"column":10}},"79":{"start":{"line":663,"column":27},"end":{"line":666,"column":9}},"80":{"start":{"line":669,"column":15},"end":{"line":672,"column":3}},"81":{"start":{"line":674,"column":2},"end":{"line":676,"column":3}},"82":{"start":{"line":675,"column":4},"end":{"line":675,"column":40}},"83":{"start":{"line":678,"column":2},"end":{"line":684,"column":3}},"84":{"start":{"line":679,"column":4},"end":{"line":683,"column":6}},"85":{"start":{"line":687,"column":20},"end":{"line":687,"column":47}},"86":{"start":{"line":689,"column":2},"end":{"line":693,"column":5}},"87":{"start":{"line":756,"column":20},"end":{"line":756,"column":43}},"88":{"start":{"line":758,"column":2},"end":{"line":762,"column":3}},"89":{"start":{"line":759,"column":4},"end":{"line":761,"column":6}},"90":{"start":{"line":764,"column":27},"end":{"line":764,"column":58}},"91":{"start":{"line":766,"column":14},"end":{"line":773,"column":4}},"92":{"start":{"line":775,"column":2},"end":{"line":775,"column":13}},"93":{"start":{"line":779,"column":2},"end":{"line":781,"column":3}},"94":{"start":{"line":780,"column":4},"end":{"line":780,"column":61}},"95":{"start":{"line":783,"column":14},"end":{"line":783,"column":54}},"96":{"start":{"line":784,"column":14},"end":{"line":784,"column":29}},"97":{"start":{"line":785,"column":2},"end":{"line":785,"column":25}},"98":{"start":{"line":790,"column":2},"end":{"line":790,"column":35}},"99":{"start":{"line":794,"column":25},"end":{"line":826,"column":1}},"100":{"start":{"line":833,"column":2},"end":{"line":836,"column":3}},"101":{"start":{"line":835,"column":4},"end":{"line":835,"column":28}},"102":{"start":{"line":838,"column":14},"end":{"line":838,"column":53}},"103":{"start":{"line":839,"column":14},"end":{"line":839,"column":29}},"104":{"start":{"line":840,"column":15},"end":{"line":840,"column":30}},"105":{"start":{"line":841,"column":2},"end":{"line":841,"column":41}}},"fnMap":{"0":{"name":"mapSeatFromApi","decl":{"start":{"line":5,"column":9},"end":{"line":5,"column":23}},"loc":{"start":{"line":5,"column":30},"end":{"line":33,"column":1}},"line":5},"1":{"name":"getSeatLayout","decl":{"start":{"line":40,"column":22},"end":{"line":40,"column":35}},"loc":{"start":{"line":40,"column":48},"end":{"line":52,"column":1}},"line":40},"2":{"name":"getOrCreateGuestSessionId","decl":{"start":{"line":54,"column":9},"end":{"line":54,"column":34}},"loc":{"start":{"line":54,"column":37},"end":{"line":76,"column":1}},"line":54},"3":{"name":"(anonymous_3)","decl":{"start":{"line":63,"column":69},"end":{"line":63,"column":70}},"loc":{"start":{"line":63,"column":76},"end":{"line":67,"column":9}},"line":63},"4":{"name":"mapSnackFromApiToUi","decl":{"start":{"line":382,"column":9},"end":{"line":382,"column":28}},"loc":{"start":{"line":382,"column":39},"end":{"line":405,"column":1}},"line":382},"5":{"name":"getSnacksByCinema","decl":{"start":{"line":413,"column":22},"end":{"line":413,"column":39}},"loc":{"start":{"line":413,"column":50},"end":{"line":430,"column":1}},"line":413},"6":{"name":"(anonymous_6)","decl":{"start":{"line":415,"column":42},"end":{"line":415,"column":43}},"loc":{"start":{"line":415,"column":50},"end":{"line":418,"column":5}},"line":415},"7":{"name":"holdSeats","decl":{"start":{"line":443,"column":22},"end":{"line":443,"column":31}},"loc":{"start":{"line":443,"column":77},"end":{"line":450,"column":1}},"line":443},"8":{"name":"(anonymous_8)","decl":{"start":{"line":444,"column":36},"end":{"line":444,"column":37}},"loc":{"start":{"line":444,"column":45},"end":{"line":447,"column":3}},"line":444},"9":{"name":"releaseSeats","decl":{"start":{"line":461,"column":22},"end":{"line":461,"column":34}},"loc":{"start":{"line":461,"column":47},"end":{"line":474,"column":1}},"line":461},"10":{"name":"previewPrice","decl":{"start":{"line":498,"column":22},"end":{"line":498,"column":34}},"loc":{"start":{"line":502,"column":3},"end":{"line":540,"column":1}},"line":502},"11":{"name":"(anonymous_11)","decl":{"start":{"line":505,"column":6},"end":{"line":505,"column":7}},"loc":{"start":{"line":505,"column":21},"end":{"line":505,"column":67}},"line":505},"12":{"name":"(anonymous_12)","decl":{"start":{"line":534,"column":33},"end":{"line":534,"column":34}},"loc":{"start":{"line":534,"column":41},"end":{"line":537,"column":7}},"line":534},"13":{"name":"lockSeats","decl":{"start":{"line":556,"column":22},"end":{"line":556,"column":31}},"loc":{"start":{"line":560,"column":3},"end":{"line":604,"column":1}},"line":560},"14":{"name":"(anonymous_14)","decl":{"start":{"line":576,"column":23},"end":{"line":576,"column":24}},"loc":{"start":{"line":576,"column":31},"end":{"line":579,"column":7}},"line":576},"15":{"name":"(anonymous_15)","decl":{"start":{"line":585,"column":33},"end":{"line":585,"column":34}},"loc":{"start":{"line":585,"column":41},"end":{"line":588,"column":3}},"line":585},"16":{"name":"releaseSeatLocksByShowtime","decl":{"start":{"line":606,"column":22},"end":{"line":606,"column":48}},"loc":{"start":{"line":606,"column":61},"end":{"line":611,"column":1}},"line":606},"17":{"name":"createBooking","decl":{"start":{"line":631,"column":22},"end":{"line":631,"column":35}},"loc":{"start":{"line":631,"column":50},"end":{"line":694,"column":1}},"line":631},"18":{"name":"(anonymous_18)","decl":{"start":{"line":663,"column":19},"end":{"line":663,"column":20}},"loc":{"start":{"line":663,"column":27},"end":{"line":666,"column":9}},"line":663},"19":{"name":"createPaymentOrder","decl":{"start":{"line":750,"column":22},"end":{"line":750,"column":40}},"loc":{"start":{"line":755,"column":3},"end":{"line":776,"column":1}},"line":755},"20":{"name":"getBookingById","decl":{"start":{"line":778,"column":22},"end":{"line":778,"column":36}},"loc":{"start":{"line":778,"column":48},"end":{"line":786,"column":1}},"line":778},"21":{"name":"getBookingDetail","decl":{"start":{"line":788,"column":22},"end":{"line":788,"column":38}},"loc":{"start":{"line":788,"column":50},"end":{"line":791,"column":1}},"line":788},"22":{"name":"getMyBookings","decl":{"start":{"line":832,"column":22},"end":{"line":832,"column":35}},"loc":{"start":{"line":832,"column":38},"end":{"line":842,"column":1}},"line":832}},"branchMap":{"0":{"loc":{"start":{"line":6,"column":2},"end":{"line":6,"column":25}},"type":"if","locations":[{"start":{"line":6,"column":2},"end":{"line":6,"column":25}},{"start":{},"end":{}}],"line":6},"1":{"loc":{"start":{"line":9,"column":4},"end":{"line":12,"column":11}},"type":"binary-expr","locations":[{"start":{"line":9,"column":4},"end":{"line":9,"column":23}},{"start":{"line":10,"column":4},"end":{"line":10,"column":25}},{"start":{"line":11,"column":4},"end":{"line":11,"column":23}},{"start":{"line":12,"column":4},"end":{"line":12,"column":11}}],"line":9},"2":{"loc":{"start":{"line":16,"column":13},"end":{"line":16,"column":69}},"type":"binary-expr","locations":[{"start":{"line":16,"column":13},"end":{"line":16,"column":27}},{"start":{"line":16,"column":31},"end":{"line":16,"column":42}},{"start":{"line":16,"column":46},"end":{"line":16,"column":58}},{"start":{"line":16,"column":62},"end":{"line":16,"column":69}}],"line":16},"3":{"loc":{"start":{"line":21,"column":9},"end":{"line":21,"column":34}},"type":"binary-expr","locations":[{"start":{"line":21,"column":9},"end":{"line":21,"column":17}},{"start":{"line":21,"column":21},"end":{"line":21,"column":34}}],"line":21},"4":{"loc":{"start":{"line":23,"column":6},"end":{"line":23,"column":74}},"type":"cond-expr","locations":[{"start":{"line":23,"column":40},"end":{"line":23,"column":51}},{"start":{"line":23,"column":54},"end":{"line":23,"column":74}}],"line":23},"5":{"loc":{"start":{"line":23,"column":54},"end":{"line":23,"column":74}},"type":"binary-expr","locations":[{"start":{"line":23,"column":54},"end":{"line":23,"column":69}},{"start":{"line":23,"column":73},"end":{"line":23,"column":74}}],"line":23},"6":{"loc":{"start":{"line":24,"column":10},"end":{"line":24,"column":36}},"type":"binary-expr","locations":[{"start":{"line":24,"column":10},"end":{"line":24,"column":19}},{"start":{"line":24,"column":23},"end":{"line":24,"column":36}}],"line":24},"7":{"loc":{"start":{"line":27,"column":6},"end":{"line":31,"column":11}},"type":"cond-expr","locations":[{"start":{"line":28,"column":10},"end":{"line":28,"column":20}},{"start":{"line":29,"column":10},"end":{"line":31,"column":11}}],"line":27},"8":{"loc":{"start":{"line":29,"column":10},"end":{"line":31,"column":11}},"type":"cond-expr","locations":[{"start":{"line":30,"column":10},"end":{"line":30,"column":24}},{"start":{"line":31,"column":10},"end":{"line":31,"column":11}}],"line":29},"9":{"loc":{"start":{"line":41,"column":2},"end":{"line":47,"column":3}},"type":"if","locations":[{"start":{"line":41,"column":2},"end":{"line":47,"column":3}},{"start":{},"end":{}}],"line":41},"10":{"loc":{"start":{"line":43,"column":4},"end":{"line":45,"column":5}},"type":"if","locations":[{"start":{"line":43,"column":4},"end":{"line":45,"column":5}},{"start":{},"end":{}}],"line":43},"11":{"loc":{"start":{"line":50,"column":15},"end":{"line":50,"column":30}},"type":"binary-expr","locations":[{"start":{"line":50,"column":15},"end":{"line":50,"column":23}},{"start":{"line":50,"column":27},"end":{"line":50,"column":30}}],"line":50},"12":{"loc":{"start":{"line":51,"column":10},"end":{"line":51,"column":41}},"type":"cond-expr","locations":[{"start":{"line":51,"column":32},"end":{"line":51,"column":36}},{"start":{"line":51,"column":39},"end":{"line":51,"column":41}}],"line":51},"13":{"loc":{"start":{"line":58,"column":4},"end":{"line":70,"column":5}},"type":"if","locations":[{"start":{"line":58,"column":4},"end":{"line":70,"column":5}},{"start":{},"end":{}}],"line":58},"14":{"loc":{"start":{"line":59,"column":6},"end":{"line":68,"column":7}},"type":"if","locations":[{"start":{"line":59,"column":6},"end":{"line":68,"column":7}},{"start":{"line":61,"column":13},"end":{"line":68,"column":7}}],"line":59},"15":{"loc":{"start":{"line":59,"column":10},"end":{"line":59,"column":60}},"type":"binary-expr","locations":[{"start":{"line":59,"column":10},"end":{"line":59,"column":39}},{"start":{"line":59,"column":43},"end":{"line":59,"column":60}}],"line":59},"16":{"loc":{"start":{"line":65,"column":20},"end":{"line":65,"column":51}},"type":"cond-expr","locations":[{"start":{"line":65,"column":32},"end":{"line":65,"column":33}},{"start":{"line":65,"column":36},"end":{"line":65,"column":51}}],"line":65},"17":{"loc":{"start":{"line":383,"column":2},"end":{"line":383,"column":29}},"type":"if","locations":[{"start":{"line":383,"column":2},"end":{"line":383,"column":29}},{"start":{},"end":{}}],"line":383},"18":{"loc":{"start":{"line":384,"column":21},"end":{"line":384,"column":40}},"type":"binary-expr","locations":[{"start":{"line":384,"column":21},"end":{"line":384,"column":34}},{"start":{"line":384,"column":38},"end":{"line":384,"column":40}}],"line":384},"19":{"loc":{"start":{"line":387,"column":4},"end":{"line":392,"column":15}},"type":"binary-expr","locations":[{"start":{"line":387,"column":4},"end":{"line":387,"column":37}},{"start":{"line":388,"column":5},"end":{"line":392,"column":14}}],"line":387},"20":{"loc":{"start":{"line":388,"column":5},"end":{"line":392,"column":14}},"type":"cond-expr","locations":[{"start":{"line":389,"column":8},"end":{"line":389,"column":19}},{"start":{"line":390,"column":8},"end":{"line":392,"column":14}}],"line":388},"21":{"loc":{"start":{"line":390,"column":8},"end":{"line":392,"column":14}},"type":"cond-expr","locations":[{"start":{"line":391,"column":8},"end":{"line":391,"column":15}},{"start":{"line":392,"column":8},"end":{"line":392,"column":14}}],"line":390},"22":{"loc":{"start":{"line":414,"column":2},"end":{"line":421,"column":3}},"type":"if","locations":[{"start":{"line":414,"column":2},"end":{"line":421,"column":3}},{"start":{},"end":{}}],"line":414},"23":{"loc":{"start":{"line":417,"column":16},"end":{"line":417,"column":55}},"type":"binary-expr","locations":[{"start":{"line":417,"column":16},"end":{"line":417,"column":24}},{"start":{"line":417,"column":28},"end":{"line":417,"column":38}},{"start":{"line":417,"column":42},"end":{"line":417,"column":55}}],"line":417},"24":{"loc":{"start":{"line":425,"column":15},"end":{"line":425,"column":30}},"type":"binary-expr","locations":[{"start":{"line":425,"column":15},"end":{"line":425,"column":23}},{"start":{"line":425,"column":27},"end":{"line":425,"column":30}}],"line":425},"25":{"loc":{"start":{"line":427,"column":10},"end":{"line":427,"column":41}},"type":"cond-expr","locations":[{"start":{"line":427,"column":32},"end":{"line":427,"column":36}},{"start":{"line":427,"column":39},"end":{"line":427,"column":41}}],"line":427},"26":{"loc":{"start":{"line":443,"column":44},"end":{"line":443,"column":56}},"type":"default-arg","locations":[{"start":{"line":443,"column":54},"end":{"line":443,"column":56}}],"line":443},"27":{"loc":{"start":{"line":443,"column":58},"end":{"line":443,"column":75}},"type":"default-arg","locations":[{"start":{"line":443,"column":72},"end":{"line":443,"column":75}}],"line":443},"28":{"loc":{"start":{"line":444,"column":17},"end":{"line":444,"column":30}},"type":"binary-expr","locations":[{"start":{"line":444,"column":17},"end":{"line":444,"column":24}},{"start":{"line":444,"column":28},"end":{"line":444,"column":30}}],"line":444},"29":{"loc":{"start":{"line":462,"column":2},"end":{"line":464,"column":3}},"type":"if","locations":[{"start":{"line":462,"column":2},"end":{"line":464,"column":3}},{"start":{},"end":{}}],"line":462},"30":{"loc":{"start":{"line":470,"column":13},"end":{"line":470,"column":66}},"type":"cond-expr","locations":[{"start":{"line":470,"column":25},"end":{"line":470,"column":54}},{"start":{"line":470,"column":57},"end":{"line":470,"column":66}}],"line":470},"31":{"loc":{"start":{"line":500,"column":2},"end":{"line":500,"column":13}},"type":"default-arg","locations":[{"start":{"line":500,"column":11},"end":{"line":500,"column":13}}],"line":500},"32":{"loc":{"start":{"line":501,"column":2},"end":{"line":501,"column":22}},"type":"default-arg","locations":[{"start":{"line":501,"column":18},"end":{"line":501,"column":22}}],"line":501},"33":{"loc":{"start":{"line":503,"column":2},"end":{"line":524,"column":3}},"type":"if","locations":[{"start":{"line":503,"column":2},"end":{"line":524,"column":3}},{"start":{},"end":{}}],"line":503},"34":{"loc":{"start":{"line":504,"column":24},"end":{"line":504,"column":36}},"type":"binary-expr","locations":[{"start":{"line":504,"column":24},"end":{"line":504,"column":30}},{"start":{"line":504,"column":34},"end":{"line":504,"column":36}}],"line":504},"35":{"loc":{"start":{"line":505,"column":28},"end":{"line":505,"column":43}},"type":"binary-expr","locations":[{"start":{"line":505,"column":28},"end":{"line":505,"column":38}},{"start":{"line":505,"column":42},"end":{"line":505,"column":43}}],"line":505},"36":{"loc":{"start":{"line":505,"column":48},"end":{"line":505,"column":66}},"type":"binary-expr","locations":[{"start":{"line":505,"column":48},"end":{"line":505,"column":61}},{"start":{"line":505,"column":65},"end":{"line":505,"column":66}}],"line":505},"37":{"loc":{"start":{"line":530,"column":13},"end":{"line":530,"column":66}},"type":"cond-expr","locations":[{"start":{"line":530,"column":25},"end":{"line":530,"column":54}},{"start":{"line":530,"column":57},"end":{"line":530,"column":66}}],"line":530},"38":{"loc":{"start":{"line":534,"column":15},"end":{"line":534,"column":27}},"type":"binary-expr","locations":[{"start":{"line":534,"column":15},"end":{"line":534,"column":21}},{"start":{"line":534,"column":25},"end":{"line":534,"column":27}}],"line":534},"39":{"loc":{"start":{"line":535,"column":17},"end":{"line":535,"column":40}},"type":"binary-expr","locations":[{"start":{"line":535,"column":17},"end":{"line":535,"column":26}},{"start":{"line":535,"column":30},"end":{"line":535,"column":40}}],"line":535},"40":{"loc":{"start":{"line":558,"column":2},"end":{"line":558,"column":12}},"type":"default-arg","locations":[{"start":{"line":558,"column":10},"end":{"line":558,"column":12}}],"line":558},"41":{"loc":{"start":{"line":559,"column":2},"end":{"line":559,"column":19}},"type":"default-arg","locations":[{"start":{"line":559,"column":16},"end":{"line":559,"column":19}}],"line":559},"42":{"loc":{"start":{"line":561,"column":2},"end":{"line":563,"column":3}},"type":"if","locations":[{"start":{"line":561,"column":2},"end":{"line":563,"column":3}},{"start":{},"end":{}}],"line":561},"43":{"loc":{"start":{"line":561,"column":6},"end":{"line":561,"column":64}},"type":"binary-expr","locations":[{"start":{"line":561,"column":6},"end":{"line":561,"column":17}},{"start":{"line":561,"column":21},"end":{"line":561,"column":42}},{"start":{"line":561,"column":46},"end":{"line":561,"column":64}}],"line":561},"44":{"loc":{"start":{"line":568,"column":2},"end":{"line":583,"column":3}},"type":"if","locations":[{"start":{"line":568,"column":2},"end":{"line":583,"column":3}},{"start":{},"end":{}}],"line":568},"45":{"loc":{"start":{"line":577,"column":24},"end":{"line":577,"column":65}},"type":"binary-expr","locations":[{"start":{"line":577,"column":24},"end":{"line":577,"column":40}},{"start":{"line":577,"column":44},"end":{"line":577,"column":53}},{"start":{"line":577,"column":57},"end":{"line":577,"column":65}}],"line":577},"46":{"loc":{"start":{"line":578,"column":22},"end":{"line":578,"column":44}},"type":"binary-expr","locations":[{"start":{"line":578,"column":22},"end":{"line":578,"column":36}},{"start":{"line":578,"column":40},"end":{"line":578,"column":44}}],"line":578},"47":{"loc":{"start":{"line":586,"column":20},"end":{"line":586,"column":69}},"type":"binary-expr","locations":[{"start":{"line":586,"column":20},"end":{"line":586,"column":36}},{"start":{"line":586,"column":40},"end":{"line":586,"column":49}},{"start":{"line":586,"column":53},"end":{"line":586,"column":61}},{"start":{"line":586,"column":65},"end":{"line":586,"column":69}}],"line":586},"48":{"loc":{"start":{"line":592,"column":13},"end":{"line":596,"column":17}},"type":"cond-expr","locations":[{"start":{"line":593,"column":8},"end":{"line":595,"column":9}},{"start":{"line":596,"column":8},"end":{"line":596,"column":17}}],"line":592},"49":{"loc":{"start":{"line":607,"column":2},"end":{"line":607,"column":26}},"type":"if","locations":[{"start":{"line":607,"column":2},"end":{"line":607,"column":26}},{"start":{},"end":{}}],"line":607},"50":{"loc":{"start":{"line":631,"column":36},"end":{"line":631,"column":48}},"type":"default-arg","locations":[{"start":{"line":631,"column":46},"end":{"line":631,"column":48}}],"line":631},"51":{"loc":{"start":{"line":633,"column":4},"end":{"line":633,"column":17}},"type":"default-arg","locations":[{"start":{"line":633,"column":13},"end":{"line":633,"column":17}}],"line":633},"52":{"loc":{"start":{"line":634,"column":4},"end":{"line":634,"column":24}},"type":"default-arg","locations":[{"start":{"line":634,"column":20},"end":{"line":634,"column":24}}],"line":634},"53":{"loc":{"start":{"line":637,"column":4},"end":{"line":637,"column":22}},"type":"default-arg","locations":[{"start":{"line":637,"column":18},"end":{"line":637,"column":22}}],"line":637},"54":{"loc":{"start":{"line":638,"column":4},"end":{"line":638,"column":20}},"type":"default-arg","locations":[{"start":{"line":638,"column":16},"end":{"line":638,"column":20}}],"line":638},"55":{"loc":{"start":{"line":641,"column":4},"end":{"line":641,"column":21}},"type":"default-arg","locations":[{"start":{"line":641,"column":17},"end":{"line":641,"column":21}}],"line":641},"56":{"loc":{"start":{"line":642,"column":4},"end":{"line":642,"column":16}},"type":"default-arg","locations":[{"start":{"line":642,"column":14},"end":{"line":642,"column":16}}],"line":642},"57":{"loc":{"start":{"line":643,"column":4},"end":{"line":643,"column":15}},"type":"default-arg","locations":[{"start":{"line":643,"column":13},"end":{"line":643,"column":15}}],"line":643},"58":{"loc":{"start":{"line":646,"column":2},"end":{"line":650,"column":3}},"type":"if","locations":[{"start":{"line":646,"column":2},"end":{"line":650,"column":3}},{"start":{},"end":{}}],"line":646},"59":{"loc":{"start":{"line":646,"column":6},"end":{"line":646,"column":54}},"type":"binary-expr","locations":[{"start":{"line":646,"column":6},"end":{"line":646,"column":13}},{"start":{"line":646,"column":18},"end":{"line":646,"column":29}},{"start":{"line":646,"column":33},"end":{"line":646,"column":53}}],"line":646},"60":{"loc":{"start":{"line":652,"column":2},"end":{"line":657,"column":3}},"type":"if","locations":[{"start":{"line":652,"column":2},"end":{"line":657,"column":3}},{"start":{},"end":{}}],"line":652},"61":{"loc":{"start":{"line":660,"column":4},"end":{"line":667,"column":10}},"type":"cond-expr","locations":[{"start":{"line":661,"column":8},"end":{"line":661,"column":19}},{"start":{"line":662,"column":8},"end":{"line":667,"column":10}}],"line":660},"62":{"loc":{"start":{"line":660,"column":4},"end":{"line":660,"column":56}},"type":"binary-expr","locations":[{"start":{"line":660,"column":4},"end":{"line":660,"column":30}},{"start":{"line":660,"column":34},"end":{"line":660,"column":56}}],"line":660},"63":{"loc":{"start":{"line":662,"column":8},"end":{"line":667,"column":10}},"type":"cond-expr","locations":[{"start":{"line":663,"column":8},"end":{"line":666,"column":11}},{"start":{"line":667,"column":8},"end":{"line":667,"column":10}}],"line":662},"64":{"loc":{"start":{"line":664,"column":19},"end":{"line":664,"column":42}},"type":"binary-expr","locations":[{"start":{"line":664,"column":19},"end":{"line":664,"column":28}},{"start":{"line":664,"column":32},"end":{"line":664,"column":42}}],"line":664},"65":{"loc":{"start":{"line":671,"column":19},"end":{"line":671,"column":40}},"type":"binary-expr","locations":[{"start":{"line":671,"column":19},"end":{"line":671,"column":32}},{"start":{"line":671,"column":36},"end":{"line":671,"column":40}}],"line":671},"66":{"loc":{"start":{"line":674,"column":2},"end":{"line":676,"column":3}},"type":"if","locations":[{"start":{"line":674,"column":2},"end":{"line":676,"column":3}},{"start":{},"end":{}}],"line":674},"67":{"loc":{"start":{"line":678,"column":2},"end":{"line":684,"column":3}},"type":"if","locations":[{"start":{"line":678,"column":2},"end":{"line":684,"column":3}},{"start":{},"end":{}}],"line":678},"68":{"loc":{"start":{"line":691,"column":13},"end":{"line":691,"column":66}},"type":"cond-expr","locations":[{"start":{"line":691,"column":25},"end":{"line":691,"column":54}},{"start":{"line":691,"column":57},"end":{"line":691,"column":66}}],"line":691},"69":{"loc":{"start":{"line":756,"column":20},"end":{"line":756,"column":43}},"type":"binary-expr","locations":[{"start":{"line":756,"column":20},"end":{"line":756,"column":33}},{"start":{"line":756,"column":37},"end":{"line":756,"column":43}}],"line":756},"70":{"loc":{"start":{"line":758,"column":2},"end":{"line":762,"column":3}},"type":"if","locations":[{"start":{"line":758,"column":2},"end":{"line":762,"column":3}},{"start":{},"end":{}}],"line":758},"71":{"loc":{"start":{"line":758,"column":6},"end":{"line":758,"column":48}},"type":"binary-expr","locations":[{"start":{"line":758,"column":6},"end":{"line":758,"column":16}},{"start":{"line":758,"column":20},"end":{"line":758,"column":30}},{"start":{"line":758,"column":34},"end":{"line":758,"column":48}}],"line":758},"72":{"loc":{"start":{"line":779,"column":2},"end":{"line":781,"column":3}},"type":"if","locations":[{"start":{"line":779,"column":2},"end":{"line":781,"column":3}},{"start":{},"end":{}}],"line":779},"73":{"loc":{"start":{"line":784,"column":14},"end":{"line":784,"column":29}},"type":"binary-expr","locations":[{"start":{"line":784,"column":14},"end":{"line":784,"column":22}},{"start":{"line":784,"column":26},"end":{"line":784,"column":29}}],"line":784},"74":{"loc":{"start":{"line":785,"column":9},"end":{"line":785,"column":24}},"type":"binary-expr","locations":[{"start":{"line":785,"column":9},"end":{"line":785,"column":17}},{"start":{"line":785,"column":21},"end":{"line":785,"column":24}}],"line":785},"75":{"loc":{"start":{"line":833,"column":2},"end":{"line":836,"column":3}},"type":"if","locations":[{"start":{"line":833,"column":2},"end":{"line":836,"column":3}},{"start":{},"end":{}}],"line":833},"76":{"loc":{"start":{"line":839,"column":14},"end":{"line":839,"column":29}},"type":"binary-expr","locations":[{"start":{"line":839,"column":14},"end":{"line":839,"column":22}},{"start":{"line":839,"column":26},"end":{"line":839,"column":29}}],"line":839},"77":{"loc":{"start":{"line":840,"column":15},"end":{"line":840,"column":30}},"type":"binary-expr","locations":[{"start":{"line":840,"column":15},"end":{"line":840,"column":23}},{"start":{"line":840,"column":27},"end":{"line":840,"column":30}}],"line":840},"78":{"loc":{"start":{"line":841,"column":9},"end":{"line":841,"column":40}},"type":"cond-expr","locations":[{"start":{"line":841,"column":31},"end":{"line":841,"column":35}},{"start":{"line":841,"column":38},"end":{"line":841,"column":40}}],"line":841}},"s":{"0":1,"1":1,"2":0,"3":1,"4":1,"5":1,"6":0,"7":0,"8":0,"9":1,"10":1,"11":1,"12":4,"13":4,"14":4,"15":4,"16":0,"17":0,"18":0,"19":0,"20":0,"21":0,"22":0,"23":4,"24":0,"25":0,"26":1,"27":1,"28":1,"29":0,"30":1,"31":1,"32":1,"33":1,"34":0,"35":0,"36":0,"37":1,"38":1,"39":1,"40":0,"41":0,"42":0,"43":1,"44":0,"45":1,"46":1,"47":1,"48":1,"49":0,"50":0,"51":0,"52":0,"53":0,"54":0,"55":1,"56":1,"57":1,"58":3,"59":2,"60":1,"61":1,"62":0,"63":0,"64":0,"65":0,"66":1,"67":2,"68":1,"69":1,"70":0,"71":0,"72":0,"73":2,"74":2,"75":1,"76":1,"77":0,"78":1,"79":1,"80":2,"81":2,"82":1,"83":1,"84":1,"85":1,"86":1,"87":1,"88":1,"89":0,"90":1,"91":1,"92":1,"93":4,"94":1,"95":3,"96":3,"97":4,"98":1,"99":1,"100":1,"101":0,"102":1,"103":1,"104":1,"105":1},"f":{"0":1,"1":1,"2":4,"3":0,"4":1,"5":1,"6":0,"7":0,"8":0,"9":1,"10":1,"11":0,"12":1,"13":3,"14":0,"15":2,"16":0,"17":2,"18":1,"19":1,"20":4,"21":1,"22":1},"b":{"0":[0,1],"1":[1,0,0,0],"2":[1,0,0,0],"3":[1,0],"4":[1,0],"5":[0,0],"6":[1,0],"7":[1,0],"8":[0,0],"9":[0,1],"10":[0,0],"11":[1,0],"12":[1,0],"13":[0,4],"14":[0,0],"15":[0,0],"16":[0,0],"17":[0,1],"18":[1,0],"19":[1,1],"20":[1,0],"21":[0,0],"22":[0,1],"23":[0,0,0],"24":[1,0],"25":[1,0],"26":[0],"27":[0],"28":[0,0],"29":[0,1],"30":[1,0],"31":[1],"32":[1],"33":[0,1],"34":[0,0],"35":[0,0],"36":[0,0],"37":[1,0],"38":[1,0],"39":[1,1],"40":[3],"41":[3],"42":[2,1],"43":[3,2,2],"44":[0,1],"45":[0,0,0],"46":[0,0],"47":[2,1,0,0],"48":[1,0],"49":[0,0],"50":[2],"51":[2],"52":[2],"53":[2],"54":[2],"55":[2],"56":[2],"57":[2],"58":[1,1],"59":[2,1,0],"60":[0,1],"61":[0,1],"62":[1,0],"63":[1,0],"64":[1,1],"65":[2,0],"66":[1,1],"67":[1,0],"68":[1,0],"69":[1,0],"70":[0,1],"71":[1,1,1],"72":[1,3],"73":[3,0],"74":[4,1],"75":[0,1],"76":[1,0],"77":[1,1],"78":[1,0]},"meta":{"lastBranch":79,"lastFunction":23,"lastStatement":106,"seen":{"s:3:17:3:22":0,"f:5:9:5:23":0,"b:6:2:6:25:undefined:undefined:undefined:undefined":0,"s:6:2:6:25":1,"s:6:13:6:25":2,"s:9:4:12:11":3,"b:9:4:9:23:10:4:10:25:11:4:11:23:12:4:12:11":1,"s:14:2:32:4":4,"b:16:13:16:27:16:31:16:42:16:46:16:58:16:62:16:69":2,"b:21:9:21:17:21:21:21:34":3,"b:23:40:23:51:23:54:23:74":4,"b:23:54:23:69:23:73:23:74":5,"b:24:10:24:19:24:23:24:36":6,"b:28:10:28:20:29:10:31:11":7,"b:30:10:30:24:31:10:31:11":8,"f:40:22:40:35":1,"b:41:2:47:3:undefined:undefined:undefined:undefined":9,"s:41:2:47:3":5,"b:43:4:45:5:undefined:undefined:undefined:undefined":10,"s:43:4:45:5":6,"s:44:6:44:56":7,"s:46:4:46:34":8,"s:49:14:49:71":9,"s:50:15:50:30":10,"b:50:15:50:23:50:27:50:30":11,"s:51:2:51:79":11,"b:51:32:51:36:51:39:51:41":12,"f:54:9:54:34":2,"s:55:14:55:35":12,"s:56:2:75:3":13,"s:57:13:57:38":14,"b:58:4:70:5:undefined:undefined:undefined:undefined":13,"s:58:4:70:5":15,"b:59:6:68:7:61:13:68:7":14,"s:59:6:68:7":16,"b:59:10:59:39:59:43:59:60":15,"s:60:8:60:33":17,"s:63:8:67:11":18,"f:63:69:63:70":3,"s:64:20:64:44":19,"s:65:20:65:51":20,"b:65:32:65:33:65:36:65:51":16,"s:66:10:66:32":21,"s:69:6:69:36":22,"s:71:4:71:14":23,"s:73:4:73:71":24,"s:74:4:74:16":25,"s:97:24:342:1":26,"s:345:31:373:1":27,"f:382:9:382:28":4,"b:383:2:383:29:undefined:undefined:undefined:undefined":17,"s:383:2:383:29":28,"s:383:17:383:29":29,"s:384:20:384:62":30,"b:384:21:384:34:384:38:384:40":18,"s:387:4:392:15":31,"b:387:4:387:37:388:5:392:14":19,"b:389:8:389:19:390:8:392:14":20,"b:391:8:391:15:392:8:392:14":21,"s:394:2:404:4":32,"f:413:22:413:39":5,"b:414:2:421:3:undefined:undefined:undefined:undefined":22,"s:414:2:421:3":33,"s:415:22:418:7":34,"f:415:42:415:43":6,"s:415:50:418:5":35,"b:417:16:417:24:417:28:417:38:417:42:417:55":23,"s:420:4:420:62":36,"s:424:14:424:68":37,"s:425:15:425:30":38,"b:425:15:425:23:425:27:425:30":24,"s:427:2:429:21":39,"b:427:32:427:36:427:39:427:41":25,"f:443:22:443:31":7,"b:443:54:443:56":26,"b:443:72:443:75":27,"s:444:16:447:5":40,"b:444:17:444:24:444:28:444:30":28,"f:444:36:444:37":8,"s:444:45:447:3":41,"s:449:2:449:55":42,"f:461:22:461:34":9,"b:462:2:464:3:undefined:undefined:undefined:undefined":29,"s:462:2:464:3":43,"s:463:4:463:54":44,"s:466:20:466:47":45,"s:468:2:471:5":46,"b:470:25:470:54:470:57:470:66":30,"s:473:2:473:39":47,"f:498:22:498:34":10,"b:500:11:500:13":31,"b:501:18:501:22":32,"b:503:2:524:3:undefined:undefined:undefined:undefined":33,"s:503:2:524:3":48,"s:504:23:507:5":49,"b:504:24:504:30:504:34:504:36":34,"f:505:6:505:7":11,"s:505:21:505:67":50,"b:505:28:505:38:505:42:505:43":35,"b:505:48:505:61:505:65:505:66":36,"s:509:21:509:31":51,"s:510:21:510:22":52,"s:511:18:511:37":53,"s:513:4:523:6":54,"s:526:20:526:47":55,"s:528:2:539:5":56,"b:530:25:530:54:530:57:530:66":37,"b:534:15:534:21:534:25:534:27":38,"f:534:33:534:34":12,"s:534:41:537:7":57,"b:535:17:535:26:535:30:535:40":39,"f:556:22:556:31":13,"b:558:10:558:12":40,"b:559:16:559:19":41,"b:561:2:563:3:undefined:undefined:undefined:undefined":42,"s:561:2:563:3":58,"b:561:6:561:17:561:21:561:42:561:46:561:64":43,"s:562:4:562:62":59,"s:566:20:566:47":60,"b:568:2:583:3:undefined:undefined:undefined:undefined":44,"s:568:2:583:3":61,"s:569:16:569:26":62,"s:570:22:570:70":63,"s:572:4:582:6":64,"f:576:23:576:24":14,"s:576:31:579:7":65,"b:577:24:577:40:577:44:577:53:577:57:577:65":45,"b:578:22:578:36:578:40:578:44":46,"s:585:23:588:5":66,"f:585:33:585:34":15,"s:585:41:588:3":67,"b:586:20:586:36:586:40:586:49:586:53:586:61:586:65:586:69":47,"s:590:14:601:4":68,"b:593:8:595:9:596:8:596:17":48,"s:603:2:603:13":69,"f:606:22:606:48":16,"b:607:2:607:26:undefined:undefined:undefined:undefined":49,"s:607:2:607:26":70,"s:607:19:607:26":71,"s:608:2:610:5":72,"f:631:22:631:35":17,"b:631:46:631:48":50,"s:644:6:644:13":73,"b:633:13:633:17":51,"b:634:20:634:24":52,"b:637:18:637:22":53,"b:638:16:638:20":54,"b:641:17:641:21":55,"b:642:14:642:16":56,"b:643:13:643:15":57,"b:646:2:650:3:undefined:undefined:undefined:undefined":58,"s:646:2:650:3":74,"b:646:6:646:13:646:18:646:29:646:33:646:53":59,"s:647:4:649:6":75,"b:652:2:657:3:undefined:undefined:undefined:undefined":60,"s:652:2:657:3":76,"s:654:4:656:6":77,"s:660:4:667:10":78,"b:661:8:661:19:662:8:667:10":61,"b:660:4:660:30:660:34:660:56":62,"b:663:8:666:11:667:8:667:10":63,"f:663:19:663:20":18,"s:663:27:666:9":79,"b:664:19:664:28:664:32:664:42":64,"s:669:15:672:3":80,"b:671:19:671:32:671:36:671:40":65,"b:674:2:676:3:undefined:undefined:undefined:undefined":66,"s:674:2:676:3":81,"s:675:4:675:40":82,"b:678:2:684:3:undefined:undefined:undefined:undefined":67,"s:678:2:684:3":83,"s:679:4:683:6":84,"s:687:20:687:47":85,"s:689:2:693:5":86,"b:691:25:691:54:691:57:691:66":68,"f:750:22:750:40":19,"s:756:20:756:43":87,"b:756:20:756:33:756:37:756:43":69,"b:758:2:762:3:undefined:undefined:undefined:undefined":70,"s:758:2:762:3":88,"b:758:6:758:16:758:20:758:30:758:34:758:48":71,"s:759:4:761:6":89,"s:764:27:764:58":90,"s:766:14:773:4":91,"s:775:2:775:13":92,"f:778:22:778:36":20,"b:779:2:781:3:undefined:undefined:undefined:undefined":72,"s:779:2:781:3":93,"s:780:4:780:61":94,"s:783:14:783:54":95,"s:784:14:784:29":96,"b:784:14:784:22:784:26:784:29":73,"s:785:2:785:25":97,"b:785:9:785:17:785:21:785:24":74,"f:788:22:788:38":21,"s:790:2:790:35":98,"s:794:25:826:1":99,"f:832:22:832:35":22,"b:833:2:836:3:undefined:undefined:undefined:undefined":75,"s:833:2:836:3":100,"s:835:4:835:28":101,"s:838:14:838:53":102,"s:839:14:839:29":103,"b:839:14:839:22:839:26:839:29":76,"s:840:15:840:30":104,"b:840:15:840:23:840:27:840:30":77,"s:841:2:841:41":105,"b:841:31:841:35:841:38:841:40":78}}}
,"D:\\movie-booking-frontend\\src\\api\\fetchConfig.js": {"path":"D:\\movie-booking-frontend\\src\\api\\fetchConfig.js","statementMap":{"0":{"start":{"line":3,"column":2},"end":{"line":3,"column":62}},"1":{"start":{"line":6,"column":2},"end":{"line":6,"column":61}},"2":{"start":{"line":8,"column":18},"end":{"line":8,"column":74}},"3":{"start":{"line":10,"column":19},"end":{"line":10,"column":59}},"4":{"start":{"line":13,"column":2},"end":{"line":13,"column":51}},"5":{"start":{"line":13,"column":39},"end":{"line":13,"column":51}},"6":{"start":{"line":14,"column":16},"end":{"line":14,"column":38}},"7":{"start":{"line":15,"column":16},"end":{"line":15,"column":41}},"8":{"start":{"line":16,"column":2},"end":{"line":16,"column":64}},"9":{"start":{"line":16,"column":26},"end":{"line":16,"column":64}},"10":{"start":{"line":17,"column":2},"end":{"line":17,"column":14}},"11":{"start":{"line":21,"column":2},"end":{"line":46,"column":3}},"12":{"start":{"line":23,"column":4},"end":{"line":26,"column":5}},"13":{"start":{"line":24,"column":16},"end":{"line":24,"column":39}},"14":{"start":{"line":25,"column":6},"end":{"line":25,"column":22}},"15":{"start":{"line":25,"column":13},"end":{"line":25,"column":22}},"16":{"start":{"line":30,"column":6},"end":{"line":30,"column":66}},"17":{"start":{"line":31,"column":4},"end":{"line":43,"column":5}},"18":{"start":{"line":32,"column":18},"end":{"line":32,"column":37}},"19":{"start":{"line":33,"column":6},"end":{"line":42,"column":8}},"20":{"start":{"line":47,"column":2},"end":{"line":47,"column":14}},"21":{"start":{"line":51,"column":2},"end":{"line":51,"column":42}},"22":{"start":{"line":51,"column":30},"end":{"line":51,"column":42}},"23":{"start":{"line":52,"column":2},"end":{"line":52,"column":43}},"24":{"start":{"line":52,"column":30},"end":{"line":52,"column":43}},"25":{"start":{"line":55,"column":2},"end":{"line":60,"column":3}},"26":{"start":{"line":56,"column":14},"end":{"line":56,"column":35}},"27":{"start":{"line":57,"column":4},"end":{"line":57,"column":29}},"28":{"start":{"line":59,"column":4},"end":{"line":59,"column":17}},"29":{"start":{"line":64,"column":18},"end":{"line":67,"column":3}},"30":{"start":{"line":70,"column":2},"end":{"line":75,"column":3}},"31":{"start":{"line":71,"column":4},"end":{"line":71,"column":76}},"32":{"start":{"line":74,"column":4},"end":{"line":74,"column":35}},"33":{"start":{"line":78,"column":2},"end":{"line":84,"column":12}},"34":{"start":{"line":79,"column":17},"end":{"line":79,"column":67}},"35":{"start":{"line":80,"column":4},"end":{"line":83,"column":5}},"36":{"start":{"line":81,"column":6},"end":{"line":81,"column":37}},"37":{"start":{"line":82,"column":6},"end":{"line":82,"column":37}},"38":{"start":{"line":87,"column":2},"end":{"line":92,"column":3}},"39":{"start":{"line":88,"column":18},"end":{"line":88,"column":40}},"40":{"start":{"line":89,"column":4},"end":{"line":91,"column":5}},"41":{"start":{"line":90,"column":6},"end":{"line":90,"column":48}},"42":{"start":{"line":94,"column":14},"end":{"line":98,"column":4}},"43":{"start":{"line":100,"column":13},"end":{"line":100,"column":17}},"44":{"start":{"line":101,"column":2},"end":{"line":103,"column":12}},"45":{"start":{"line":102,"column":4},"end":{"line":102,"column":52}},"46":{"start":{"line":102,"column":28},"end":{"line":102,"column":52}},"47":{"start":{"line":105,"column":2},"end":{"line":112,"column":3}},"48":{"start":{"line":107,"column":6},"end":{"line":107,"column":66}},"49":{"start":{"line":108,"column":16},"end":{"line":108,"column":34}},"50":{"start":{"line":109,"column":4},"end":{"line":109,"column":28}},"51":{"start":{"line":110,"column":4},"end":{"line":110,"column":20}},"52":{"start":{"line":111,"column":4},"end":{"line":111,"column":14}},"53":{"start":{"line":114,"column":2},"end":{"line":114,"column":14}}},"fnMap":{"0":{"name":"getCookie","decl":{"start":{"line":12,"column":9},"end":{"line":12,"column":18}},"loc":{"start":{"line":12,"column":25},"end":{"line":18,"column":1}},"line":12},"1":{"name":"getStoredAccessToken","decl":{"start":{"line":20,"column":9},"end":{"line":20,"column":29}},"loc":{"start":{"line":20,"column":32},"end":{"line":48,"column":1}},"line":20},"2":{"name":"shouldAttachBearer","decl":{"start":{"line":50,"column":9},"end":{"line":50,"column":27}},"loc":{"start":{"line":50,"column":30},"end":{"line":61,"column":1}},"line":50},"3":{"name":"apiFetch","decl":{"start":{"line":63,"column":22},"end":{"line":63,"column":30}},"loc":{"start":{"line":63,"column":51},"end":{"line":115,"column":1}},"line":63}},"branchMap":{"0":{"loc":{"start":{"line":3,"column":2},"end":{"line":3,"column":62}},"type":"binary-expr","locations":[{"start":{"line":3,"column":2},"end":{"line":3,"column":35}},{"start":{"line":3,"column":39},"end":{"line":3,"column":62}}],"line":3},"1":{"loc":{"start":{"line":6,"column":9},"end":{"line":6,"column":49}},"type":"binary-expr","locations":[{"start":{"line":6,"column":9},"end":{"line":6,"column":38}},{"start":{"line":6,"column":42},"end":{"line":6,"column":49}}],"line":6},"2":{"loc":{"start":{"line":8,"column":19},"end":{"line":8,"column":59}},"type":"binary-expr","locations":[{"start":{"line":8,"column":19},"end":{"line":8,"column":49}},{"start":{"line":8,"column":53},"end":{"line":8,"column":59}}],"line":8},"3":{"loc":{"start":{"line":13,"column":2},"end":{"line":13,"column":51}},"type":"if","locations":[{"start":{"line":13,"column":2},"end":{"line":13,"column":51}},{"start":{},"end":{}}],"line":13},"4":{"loc":{"start":{"line":16,"column":2},"end":{"line":16,"column":64}},"type":"if","locations":[{"start":{"line":16,"column":2},"end":{"line":16,"column":64}},{"start":{},"end":{}}],"line":16},"5":{"loc":{"start":{"line":25,"column":6},"end":{"line":25,"column":22}},"type":"if","locations":[{"start":{"line":25,"column":6},"end":{"line":25,"column":22}},{"start":{},"end":{}}],"line":25},"6":{"loc":{"start":{"line":30,"column":6},"end":{"line":30,"column":66}},"type":"binary-expr","locations":[{"start":{"line":30,"column":6},"end":{"line":30,"column":34}},{"start":{"line":30,"column":38},"end":{"line":30,"column":66}}],"line":30},"7":{"loc":{"start":{"line":31,"column":4},"end":{"line":43,"column":5}},"type":"if","locations":[{"start":{"line":31,"column":4},"end":{"line":43,"column":5}},{"start":{},"end":{}}],"line":31},"8":{"loc":{"start":{"line":34,"column":8},"end":{"line":41,"column":12}},"type":"binary-expr","locations":[{"start":{"line":34,"column":8},"end":{"line":34,"column":24}},{"start":{"line":35,"column":8},"end":{"line":35,"column":25}},{"start":{"line":36,"column":8},"end":{"line":36,"column":18}},{"start":{"line":37,"column":8},"end":{"line":37,"column":30}},{"start":{"line":38,"column":8},"end":{"line":38,"column":24}},{"start":{"line":39,"column":8},"end":{"line":39,"column":30}},{"start":{"line":40,"column":8},"end":{"line":40,"column":24}},{"start":{"line":41,"column":8},"end":{"line":41,"column":12}}],"line":34},"9":{"loc":{"start":{"line":51,"column":2},"end":{"line":51,"column":42}},"type":"if","locations":[{"start":{"line":51,"column":2},"end":{"line":51,"column":42}},{"start":{},"end":{}}],"line":51},"10":{"loc":{"start":{"line":52,"column":2},"end":{"line":52,"column":43}},"type":"if","locations":[{"start":{"line":52,"column":2},"end":{"line":52,"column":43}},{"start":{},"end":{}}],"line":52},"11":{"loc":{"start":{"line":63,"column":37},"end":{"line":63,"column":49}},"type":"default-arg","locations":[{"start":{"line":63,"column":47},"end":{"line":63,"column":49}}],"line":63},"12":{"loc":{"start":{"line":66,"column":8},"end":{"line":66,"column":29}},"type":"binary-expr","locations":[{"start":{"line":66,"column":8},"end":{"line":66,"column":23}},{"start":{"line":66,"column":27},"end":{"line":66,"column":29}}],"line":66},"13":{"loc":{"start":{"line":70,"column":2},"end":{"line":75,"column":3}},"type":"if","locations":[{"start":{"line":70,"column":2},"end":{"line":75,"column":3}},{"start":{"line":72,"column":9},"end":{"line":75,"column":3}}],"line":70},"14":{"loc":{"start":{"line":71,"column":30},"end":{"line":71,"column":75}},"type":"binary-expr","locations":[{"start":{"line":71,"column":30},"end":{"line":71,"column":53}},{"start":{"line":71,"column":57},"end":{"line":71,"column":75}}],"line":71},"15":{"loc":{"start":{"line":79,"column":17},"end":{"line":79,"column":67}},"type":"binary-expr","locations":[{"start":{"line":79,"column":17},"end":{"line":79,"column":40}},{"start":{"line":79,"column":44},"end":{"line":79,"column":67}}],"line":79},"16":{"loc":{"start":{"line":80,"column":4},"end":{"line":83,"column":5}},"type":"if","locations":[{"start":{"line":80,"column":4},"end":{"line":83,"column":5}},{"start":{},"end":{}}],"line":80},"17":{"loc":{"start":{"line":87,"column":2},"end":{"line":92,"column":3}},"type":"if","locations":[{"start":{"line":87,"column":2},"end":{"line":92,"column":3}},{"start":{},"end":{}}],"line":87},"18":{"loc":{"start":{"line":89,"column":4},"end":{"line":91,"column":5}},"type":"if","locations":[{"start":{"line":89,"column":4},"end":{"line":91,"column":5}},{"start":{},"end":{}}],"line":89},"19":{"loc":{"start":{"line":89,"column":8},"end":{"line":89,"column":65}},"type":"binary-expr","locations":[{"start":{"line":89,"column":8},"end":{"line":89,"column":13}},{"start":{"line":89,"column":17},"end":{"line":89,"column":39}},{"start":{"line":89,"column":43},"end":{"line":89,"column":65}}],"line":89},"20":{"loc":{"start":{"line":102,"column":4},"end":{"line":102,"column":52}},"type":"if","locations":[{"start":{"line":102,"column":4},"end":{"line":102,"column":52}},{"start":{},"end":{}}],"line":102},"21":{"loc":{"start":{"line":105,"column":2},"end":{"line":112,"column":3}},"type":"if","locations":[{"start":{"line":105,"column":2},"end":{"line":112,"column":3}},{"start":{},"end":{}}],"line":105},"22":{"loc":{"start":{"line":107,"column":6},"end":{"line":107,"column":66}},"type":"binary-expr","locations":[{"start":{"line":107,"column":6},"end":{"line":107,"column":19}},{"start":{"line":107,"column":23},"end":{"line":107,"column":66}}],"line":107}},"s":{"0":2,"1":2,"2":2,"3":2,"4":6,"5":0,"6":6,"7":6,"8":6,"9":0,"10":6,"11":0,"12":0,"13":0,"14":0,"15":0,"16":0,"17":0,"18":0,"19":0,"20":0,"21":3,"22":0,"23":3,"24":0,"25":3,"26":3,"27":3,"28":0,"29":3,"30":3,"31":3,"32":0,"33":3,"34":3,"35":3,"36":0,"37":0,"38":3,"39":0,"40":0,"41":0,"42":3,"43":3,"44":3,"45":3,"46":3,"47":3,"48":1,"49":1,"50":1,"51":1,"52":1,"53":2},"f":{"0":6,"1":0,"2":3,"3":3},"b":{"0":[2,2],"1":[2,2],"2":[2,2],"3":[0,6],"4":[0,6],"5":[0,0],"6":[0,0],"7":[0,0],"8":[0,0,0,0,0,0,0,0],"9":[0,3],"10":[0,3],"11":[3],"12":[3,3],"13":[3,0],"14":[3,3],"15":[3,3],"16":[0,3],"17":[0,3],"18":[0,0],"19":[0,0,0],"20":[3,0],"21":[1,2],"22":[1,0]},"meta":{"lastBranch":23,"lastFunction":4,"lastStatement":54,"seen":{"s:3:2:3:62":0,"b:3:2:3:35:3:39:3:62":0,"s:6:2:6:61":1,"b:6:9:6:38:6:42:6:49":1,"s:8:18:8:74":2,"b:8:19:8:49:8:53:8:59":2,"s:10:19:10:59":3,"f:12:9:12:18":0,"b:13:2:13:51:undefined:undefined:undefined:undefined":3,"s:13:2:13:51":4,"s:13:39:13:51":5,"s:14:16:14:38":6,"s:15:16:15:41":7,"b:16:2:16:64:undefined:undefined:undefined:undefined":4,"s:16:2:16:64":8,"s:16:26:16:64":9,"s:17:2:17:14":10,"f:20:9:20:29":1,"s:21:2:46:3":11,"s:23:4:26:5":12,"s:24:16:24:39":13,"b:25:6:25:22:undefined:undefined:undefined:undefined":5,"s:25:6:25:22":14,"s:25:13:25:22":15,"s:30:6:30:66":16,"b:30:6:30:34:30:38:30:66":6,"b:31:4:43:5:undefined:undefined:undefined:undefined":7,"s:31:4:43:5":17,"s:32:18:32:37":18,"s:33:6:42:8":19,"b:34:8:34:24:35:8:35:25:36:8:36:18:37:8:37:30:38:8:38:24:39:8:39:30:40:8:40:24:41:8:41:12":8,"s:47:2:47:14":20,"f:50:9:50:27":2,"b:51:2:51:42:undefined:undefined:undefined:undefined":9,"s:51:2:51:42":21,"s:51:30:51:42":22,"b:52:2:52:43:undefined:undefined:undefined:undefined":10,"s:52:2:52:43":23,"s:52:30:52:43":24,"s:55:2:60:3":25,"s:56:14:56:35":26,"s:57:4:57:29":27,"s:59:4:59:17":28,"f:63:22:63:30":3,"b:63:47:63:49":11,"s:64:18:67:3":29,"b:66:8:66:23:66:27:66:29":12,"b:70:2:75:3:72:9:75:3":13,"s:70:2:75:3":30,"s:71:4:71:76":31,"b:71:30:71:53:71:57:71:75":14,"s:74:4:74:35":32,"s:78:2:84:12":33,"s:79:17:79:67":34,"b:79:17:79:40:79:44:79:67":15,"b:80:4:83:5:undefined:undefined:undefined:undefined":16,"s:80:4:83:5":35,"s:81:6:81:37":36,"s:82:6:82:37":37,"b:87:2:92:3:undefined:undefined:undefined:undefined":17,"s:87:2:92:3":38,"s:88:18:88:40":39,"b:89:4:91:5:undefined:undefined:undefined:undefined":18,"s:89:4:91:5":40,"b:89:8:89:13:89:17:89:39:89:43:89:65":19,"s:90:6:90:48":41,"s:94:14:98:4":42,"s:100:13:100:17":43,"s:101:2:103:12":44,"b:102:4:102:52:undefined:undefined:undefined:undefined":20,"s:102:4:102:52":45,"s:102:28:102:52":46,"b:105:2:112:3:undefined:undefined:undefined:undefined":21,"s:105:2:112:3":47,"s:107:6:107:66":48,"b:107:6:107:19:107:23:107:66":22,"s:108:16:108:34":49,"s:109:4:109:28":50,"s:110:4:110:20":51,"s:111:4:111:14":52,"s:114:2:114:14":53}}}
,"D:\\movie-booking-frontend\\src\\api\\paymentService.js": {"path":"D:\\movie-booking-frontend\\src\\api\\paymentService.js","statementMap":{"0":{"start":{"line":13,"column":2},"end":{"line":15,"column":3}},"1":{"start":{"line":14,"column":4},"end":{"line":14,"column":66}},"2":{"start":{"line":17,"column":17},"end":{"line":17,"column":52}},"3":{"start":{"line":19,"column":15},"end":{"line":25,"column":4}},"4":{"start":{"line":28,"column":2},"end":{"line":28,"column":14}}},"fnMap":{"0":{"name":"capturePayment","decl":{"start":{"line":12,"column":22},"end":{"line":12,"column":36}},"loc":{"start":{"line":12,"column":71},"end":{"line":29,"column":1}},"line":12}},"branchMap":{"0":{"loc":{"start":{"line":13,"column":2},"end":{"line":15,"column":3}},"type":"if","locations":[{"start":{"line":13,"column":2},"end":{"line":15,"column":3}},{"start":{},"end":{}}],"line":13},"1":{"loc":{"start":{"line":13,"column":6},"end":{"line":13,"column":38}},"type":"binary-expr","locations":[{"start":{"line":13,"column":6},"end":{"line":13,"column":20}},{"start":{"line":13,"column":24},"end":{"line":13,"column":38}}],"line":13}},"s":{"0":3,"1":2,"2":1,"3":1,"4":1},"f":{"0":3},"b":{"0":[2,1],"1":[3,2]},"meta":{"lastBranch":2,"lastFunction":1,"lastStatement":5,"seen":{"f:12:22:12:36":0,"b:13:2:15:3:undefined:undefined:undefined:undefined":0,"s:13:2:15:3":0,"b:13:6:13:20:13:24:13:38":1,"s:14:4:14:66":1,"s:17:17:17:52":2,"s:19:15:25:4":3,"s:28:2:28:14":4}}}
,"D:\\movie-booking-frontend\\src\\api\\userService.js": {"path":"D:\\movie-booking-frontend\\src\\api\\userService.js","statementMap":{"0":{"start":{"line":4,"column":22},"end":{"line":4,"column":27}},"1":{"start":{"line":8,"column":2},"end":{"line":8,"column":41}},"2":{"start":{"line":8,"column":21},"end":{"line":8,"column":41}},"3":{"start":{"line":10,"column":14},"end":{"line":10,"column":46}},"4":{"start":{"line":11,"column":14},"end":{"line":11,"column":29}},"5":{"start":{"line":12,"column":2},"end":{"line":12,"column":25}},"6":{"start":{"line":16,"column":2},"end":{"line":22,"column":3}},"7":{"start":{"line":18,"column":4},"end":{"line":20,"column":7}},"8":{"start":{"line":21,"column":4},"end":{"line":21,"column":24}},"9":{"start":{"line":24,"column":14},"end":{"line":27,"column":4}},"10":{"start":{"line":28,"column":14},"end":{"line":28,"column":29}},"11":{"start":{"line":29,"column":2},"end":{"line":29,"column":25}},"12":{"start":{"line":33,"column":2},"end":{"line":33,"column":41}},"13":{"start":{"line":33,"column":21},"end":{"line":33,"column":41}},"14":{"start":{"line":35,"column":14},"end":{"line":35,"column":46}},"15":{"start":{"line":36,"column":14},"end":{"line":36,"column":29}},"16":{"start":{"line":37,"column":2},"end":{"line":37,"column":25}},"17":{"start":{"line":41,"column":2},"end":{"line":41,"column":46}},"18":{"start":{"line":41,"column":21},"end":{"line":41,"column":46}},"19":{"start":{"line":43,"column":14},"end":{"line":43,"column":56}},"20":{"start":{"line":44,"column":14},"end":{"line":44,"column":29}},"21":{"start":{"line":45,"column":15},"end":{"line":45,"column":30}},"22":{"start":{"line":46,"column":2},"end":{"line":46,"column":41}},"23":{"start":{"line":50,"column":14},"end":{"line":53,"column":4}},"24":{"start":{"line":54,"column":2},"end":{"line":56,"column":54}}},"fnMap":{"0":{"name":"getUserProfile","decl":{"start":{"line":7,"column":22},"end":{"line":7,"column":36}},"loc":{"start":{"line":7,"column":39},"end":{"line":13,"column":1}},"line":7},"1":{"name":"updateUserProfile","decl":{"start":{"line":15,"column":22},"end":{"line":15,"column":39}},"loc":{"start":{"line":15,"column":49},"end":{"line":30,"column":1}},"line":15},"2":{"name":"getUserLoyalty","decl":{"start":{"line":32,"column":22},"end":{"line":32,"column":36}},"loc":{"start":{"line":32,"column":39},"end":{"line":38,"column":1}},"line":32},"3":{"name":"getActiveMembershipTiers","decl":{"start":{"line":40,"column":22},"end":{"line":40,"column":46}},"loc":{"start":{"line":40,"column":49},"end":{"line":47,"column":1}},"line":40},"4":{"name":"changePassword","decl":{"start":{"line":49,"column":22},"end":{"line":49,"column":36}},"loc":{"start":{"line":49,"column":46},"end":{"line":57,"column":1}},"line":49}},"branchMap":{"0":{"loc":{"start":{"line":8,"column":2},"end":{"line":8,"column":41}},"type":"if","locations":[{"start":{"line":8,"column":2},"end":{"line":8,"column":41}},{"start":{},"end":{}}],"line":8},"1":{"loc":{"start":{"line":11,"column":14},"end":{"line":11,"column":29}},"type":"binary-expr","locations":[{"start":{"line":11,"column":14},"end":{"line":11,"column":22}},{"start":{"line":11,"column":26},"end":{"line":11,"column":29}}],"line":11},"2":{"loc":{"start":{"line":12,"column":9},"end":{"line":12,"column":24}},"type":"binary-expr","locations":[{"start":{"line":12,"column":9},"end":{"line":12,"column":17}},{"start":{"line":12,"column":21},"end":{"line":12,"column":24}}],"line":12},"3":{"loc":{"start":{"line":16,"column":2},"end":{"line":22,"column":3}},"type":"if","locations":[{"start":{"line":16,"column":2},"end":{"line":22,"column":3}},{"start":{},"end":{}}],"line":16},"4":{"loc":{"start":{"line":28,"column":14},"end":{"line":28,"column":29}},"type":"binary-expr","locations":[{"start":{"line":28,"column":14},"end":{"line":28,"column":22}},{"start":{"line":28,"column":26},"end":{"line":28,"column":29}}],"line":28},"5":{"loc":{"start":{"line":29,"column":9},"end":{"line":29,"column":24}},"type":"binary-expr","locations":[{"start":{"line":29,"column":9},"end":{"line":29,"column":17}},{"start":{"line":29,"column":21},"end":{"line":29,"column":24}}],"line":29},"6":{"loc":{"start":{"line":33,"column":2},"end":{"line":33,"column":41}},"type":"if","locations":[{"start":{"line":33,"column":2},"end":{"line":33,"column":41}},{"start":{},"end":{}}],"line":33},"7":{"loc":{"start":{"line":36,"column":14},"end":{"line":36,"column":29}},"type":"binary-expr","locations":[{"start":{"line":36,"column":14},"end":{"line":36,"column":22}},{"start":{"line":36,"column":26},"end":{"line":36,"column":29}}],"line":36},"8":{"loc":{"start":{"line":37,"column":9},"end":{"line":37,"column":24}},"type":"binary-expr","locations":[{"start":{"line":37,"column":9},"end":{"line":37,"column":17}},{"start":{"line":37,"column":21},"end":{"line":37,"column":24}}],"line":37},"9":{"loc":{"start":{"line":41,"column":2},"end":{"line":41,"column":46}},"type":"if","locations":[{"start":{"line":41,"column":2},"end":{"line":41,"column":46}},{"start":{},"end":{}}],"line":41},"10":{"loc":{"start":{"line":44,"column":14},"end":{"line":44,"column":29}},"type":"binary-expr","locations":[{"start":{"line":44,"column":14},"end":{"line":44,"column":22}},{"start":{"line":44,"column":26},"end":{"line":44,"column":29}}],"line":44},"11":{"loc":{"start":{"line":45,"column":15},"end":{"line":45,"column":30}},"type":"binary-expr","locations":[{"start":{"line":45,"column":15},"end":{"line":45,"column":23}},{"start":{"line":45,"column":27},"end":{"line":45,"column":30}}],"line":45},"12":{"loc":{"start":{"line":46,"column":9},"end":{"line":46,"column":40}},"type":"cond-expr","locations":[{"start":{"line":46,"column":31},"end":{"line":46,"column":35}},{"start":{"line":46,"column":38},"end":{"line":46,"column":40}}],"line":46},"13":{"loc":{"start":{"line":54,"column":9},"end":{"line":56,"column":53}},"type":"cond-expr","locations":[{"start":{"line":55,"column":6},"end":{"line":55,"column":9}},{"start":{"line":56,"column":6},"end":{"line":56,"column":53}}],"line":54},"14":{"loc":{"start":{"line":56,"column":6},"end":{"line":56,"column":53}},"type":"binary-expr","locations":[{"start":{"line":56,"column":6},"end":{"line":56,"column":18}},{"start":{"line":56,"column":22},"end":{"line":56,"column":53}}],"line":56}},"s":{"0":1,"1":1,"2":0,"3":1,"4":1,"5":1,"6":1,"7":0,"8":0,"9":1,"10":1,"11":1,"12":1,"13":0,"14":1,"15":1,"16":1,"17":2,"18":0,"19":2,"20":2,"21":2,"22":2,"23":3,"24":3},"f":{"0":1,"1":1,"2":1,"3":2,"4":3},"b":{"0":[0,1],"1":[1,0],"2":[1,0],"3":[0,1],"4":[1,0],"5":[1,0],"6":[0,1],"7":[1,0],"8":[1,0],"9":[0,2],"10":[2,0],"11":[2,0],"12":[1,1],"13":[1,2],"14":[2,1]},"meta":{"lastBranch":15,"lastFunction":5,"lastStatement":25,"seen":{"s:4:22:4:27":0,"f:7:22:7:36":0,"b:8:2:8:41:undefined:undefined:undefined:undefined":0,"s:8:2:8:41":1,"s:8:21:8:41":2,"s:10:14:10:46":3,"s:11:14:11:29":4,"b:11:14:11:22:11:26:11:29":1,"s:12:2:12:25":5,"b:12:9:12:17:12:21:12:24":2,"f:15:22:15:39":1,"b:16:2:22:3:undefined:undefined:undefined:undefined":3,"s:16:2:22:3":6,"s:18:4:20:7":7,"s:21:4:21:24":8,"s:24:14:27:4":9,"s:28:14:28:29":10,"b:28:14:28:22:28:26:28:29":4,"s:29:2:29:25":11,"b:29:9:29:17:29:21:29:24":5,"f:32:22:32:36":2,"b:33:2:33:41:undefined:undefined:undefined:undefined":6,"s:33:2:33:41":12,"s:33:21:33:41":13,"s:35:14:35:46":14,"s:36:14:36:29":15,"b:36:14:36:22:36:26:36:29":7,"s:37:2:37:25":16,"b:37:9:37:17:37:21:37:24":8,"f:40:22:40:46":3,"b:41:2:41:46:undefined:undefined:undefined:undefined":9,"s:41:2:41:46":17,"s:41:21:41:46":18,"s:43:14:43:56":19,"s:44:14:44:29":20,"b:44:14:44:22:44:26:44:29":10,"s:45:15:45:30":21,"b:45:15:45:23:45:27:45:30":11,"s:46:2:46:41":22,"b:46:31:46:35:46:38:46:40":12,"f:49:22:49:36":4,"s:50:14:53:4":23,"s:54:2:56:54":24,"b:55:6:55:9:56:6:56:53":13,"b:56:6:56:18:56:22:56:53":14}}}
,"D:\\movie-booking-frontend\\src\\app\\(protected)\\account\\account-member\\page.jsx": {"path":"D:\\movie-booking-frontend\\src\\app\\(protected)\\account\\account-member\\page.jsx","statementMap":{"0":{"start":{"line":10,"column":2},"end":{"line":10,"column":null}},"1":{"start":{"line":14,"column":30},"end":{"line":14,"column":null}},"2":{"start":{"line":15,"column":28},"end":{"line":15,"column":null}},"3":{"start":{"line":16,"column":24},"end":{"line":16,"column":null}},"4":{"start":{"line":17,"column":28},"end":{"line":17,"column":null}},"5":{"start":{"line":18,"column":20},"end":{"line":18,"column":null}},"6":{"start":{"line":20,"column":8},"end":{"line":20,"column":null}},"7":{"start":{"line":21,"column":8},"end":{"line":21,"column":null}},"8":{"start":{"line":22,"column":20},"end":{"line":22,"column":null}},"9":{"start":{"line":25,"column":23},"end":{"line":41,"column":null}},"10":{"start":{"line":44,"column":4},"end":{"line":44,"column":null}},"11":{"start":{"line":46,"column":4},"end":{"line":48,"column":null}},"12":{"start":{"line":50,"column":25},"end":{"line":53,"column":null}},"13":{"start":{"line":51,"column":4},"end":{"line":51,"column":null}},"14":{"start":{"line":51,"column":36},"end":{"line":51,"column":null}},"15":{"start":{"line":52,"column":4},"end":{"line":52,"column":null}},"16":{"start":{"line":55,"column":28},"end":{"line":65,"column":null}},"17":{"start":{"line":56,"column":4},"end":{"line":64,"column":null}},"18":{"start":{"line":57,"column":6},"end":{"line":59,"column":null}},"19":{"start":{"line":58,"column":8},"end":{"line":58,"column":null}},"20":{"start":{"line":61,"column":6},"end":{"line":61,"column":null}},"21":{"start":{"line":63,"column":6},"end":{"line":63,"column":null}},"22":{"start":{"line":67,"column":2},"end":{"line":86,"column":null}},"23":{"start":{"line":68,"column":22},"end":{"line":83,"column":null}},"24":{"start":{"line":69,"column":6},"end":{"line":82,"column":null}},"25":{"start":{"line":70,"column":8},"end":{"line":70,"column":null}},"26":{"start":{"line":71,"column":38},"end":{"line":74,"column":null}},"27":{"start":{"line":75,"column":8},"end":{"line":75,"column":null}},"28":{"start":{"line":76,"column":8},"end":{"line":76,"column":null}},"29":{"start":{"line":78,"column":8},"end":{"line":78,"column":null}},"30":{"start":{"line":79,"column":8},"end":{"line":79,"column":null}},"31":{"start":{"line":81,"column":8},"end":{"line":81,"column":null}},"32":{"start":{"line":85,"column":4},"end":{"line":85,"column":null}},"33":{"start":{"line":88,"column":49},"end":{"line":124,"column":null}},"34":{"start":{"line":89,"column":4},"end":{"line":91,"column":null}},"35":{"start":{"line":90,"column":6},"end":{"line":90,"column":null}},"36":{"start":{"line":93,"column":20},"end":{"line":93,"column":null}},"37":{"start":{"line":94,"column":21},"end":{"line":94,"column":null}},"38":{"start":{"line":96,"column":19},"end":{"line":98,"column":null}},"39":{"start":{"line":97,"column":10},"end":{"line":97,"column":null}},"40":{"start":{"line":102,"column":6},"end":{"line":104,"column":null}},"41":{"start":{"line":106,"column":4},"end":{"line":106,"column":null}},"42":{"start":{"line":108,"column":17},"end":{"line":108,"column":null}},"43":{"start":{"line":108,"column":30},"end":{"line":108,"column":67}},"44":{"start":{"line":110,"column":19},"end":{"line":110,"column":null}},"45":{"start":{"line":112,"column":19},"end":{"line":112,"column":null}},"46":{"start":{"line":113,"column":4},"end":{"line":117,"column":null}},"47":{"start":{"line":114,"column":12},"end":{"line":114,"column":null}},"48":{"start":{"line":115,"column":6},"end":{"line":115,"column":null}},"49":{"start":{"line":116,"column":6},"end":{"line":116,"column":null}},"50":{"start":{"line":119,"column":4},"end":{"line":123,"column":null}},"51":{"start":{"line":126,"column":2},"end":{"line":407,"column":null}},"52":{"start":{"line":203,"column":37},"end":{"line":203,"column":null}},"53":{"start":{"line":204,"column":20},"end":{"line":232,"column":null}},"54":{"start":{"line":207,"column":39},"end":{"line":207,"column":null}},"55":{"start":{"line":356,"column":26},"end":{"line":359,"column":null}},"56":{"start":{"line":360,"column":24},"end":{"line":394,"column":null}}},"fnMap":{"0":{"name":"formatNumber","decl":{"start":{"line":9,"column":9},"end":{"line":9,"column":22}},"loc":{"start":{"line":9,"column":25},"end":{"line":11,"column":null}},"line":9},"1":{"name":"AccountMemberPage","decl":{"start":{"line":13,"column":24},"end":{"line":13,"column":44}},"loc":{"start":{"line":13,"column":44},"end":{"line":409,"column":null}},"line":13},"2":{"name":"(anonymous_2)","decl":{"start":{"line":50,"column":25},"end":{"line":50,"column":26}},"loc":{"start":{"line":50,"column":35},"end":{"line":53,"column":null}},"line":50},"3":{"name":"(anonymous_3)","decl":{"start":{"line":55,"column":28},"end":{"line":55,"column":40}},"loc":{"start":{"line":55,"column":40},"end":{"line":65,"column":null}},"line":55},"4":{"name":"(anonymous_4)","decl":{"start":{"line":67,"column":12},"end":{"li
[...]
Fields.jsx": {"path":"D:\\movie-booking-frontend\\src\\components\\auth\\register\\RegisterForm\\RegisterFields.jsx","statementMap":{"0":{"start":{"line":12,"column":38},"end":{"line":12,"column":null}},"1":{"start":{"line":13,"column":52},"end":{"line":13,"column":null}},"2":{"start":{"line":14,"column":32},"end":{"line":14,"column":null}},"3":{"start":{"line":15,"column":26},"end":{"line":15,"column":null}},"4":{"start":{"line":16,"column":19},"end":{"line":16,"column":null}},"5":{"start":{"line":17,"column":30},"end":{"line":23,"column":null}},"6":{"start":{"line":25,"column":8},"end":{"line":25,"column":null}},"7":{"start":{"line":27,"column":23},"end":{"line":34,"column":null}},"8":{"start":{"line":28,"column":28},"end":{"line":28,"column":null}},"9":{"start":{"line":29,"column":4},"end":{"line":29,"column":null}},"10":{"start":{"line":29,"column":27},"end":{"line":29,"column":54}},"11":{"start":{"line":31,"column":4},"end":{"line":33,"column":null}},"12":{"start":{"line":32,"column":6},"end":{"line":32,"column":null}},"13":{"start":{"line":32,"column":27},"end":{"line":32,"column":58}},"14":{"start":{"line":36,"column":19},"end":{"line":77,"column":null}},"15":{"start":{"line":37,"column":22},"end":{"line":37,"column":null}},"16":{"start":{"line":38,"column":21},"end":{"line":38,"column":null}},"17":{"start":{"line":39,"column":18},"end":{"line":39,"column":null}},"18":{"start":{"line":40,"column":18},"end":{"line":40,"column":null}},"19":{"start":{"line":41,"column":21},"end":{"line":41,"column":null}},"20":{"start":{"line":42,"column":28},"end":{"line":42,"column":null}},"21":{"start":{"line":44,"column":4},"end":{"line":48,"column":null}},"22":{"start":{"line":45,"column":6},"end":{"line":45,"column":null}},"23":{"start":{"line":46,"column":4},"end":{"line":48,"column":null}},"24":{"start":{"line":47,"column":6},"end":{"line":47,"column":null}},"25":{"start":{"line":50,"column":4},"end":{"line":54,"column":null}},"26":{"start":{"line":51,"column":6},"end":{"line":51,"column":null}},"27":{"start":{"line":52,"column":4},"end":{"line":54,"column":null}},"28":{"start":{"line":53,"column":6},"end":{"line":53,"column":null}},"29":{"start":{"line":56,"column":4},"end":{"line":61,"column":null}},"30":{"start":{"line":57,"column":22},"end":{"line":57,"column":null}},"31":{"start":{"line":58,"column":6},"end":{"line":60,"column":null}},"32":{"start":{"line":59,"column":8},"end":{"line":59,"column":null}},"33":{"start":{"line":63,"column":4},"end":{"line":67,"column":null}},"34":{"start":{"line":64,"column":6},"end":{"line":64,"column":null}},"35":{"start":{"line":65,"column":4},"end":{"line":67,"column":null}},"36":{"start":{"line":66,"column":6},"end":{"line":66,"column":null}},"37":{"start":{"line":69,"column":4},"end":{"line":73,"column":null}},"38":{"start":{"line":70,"column":6},"end":{"line":70,"column":null}},"39":{"start":{"line":71,"column":4},"end":{"line":73,"column":null}},"40":{"start":{"line":72,"column":6},"end":{"line":72,"column":null}},"41":{"start":{"line":75,"column":4},"end":{"line":75,"column":null}},"42":{"start":{"line":76,"column":4},"end":{"line":76,"column":null}},"43":{"start":{"line":79,"column":23},"end":{"line":101,"column":null}},"44":{"start":{"line":80,"column":4},"end":{"line":80,"column":null}},"45":{"start":{"line":81,"column":4},"end":{"line":81,"column":null}},"46":{"start":{"line":83,"column":4},"end":{"line":83,"column":null}},"47":{"start":{"line":83,"column":21},"end":{"line":83,"column":null}},"48":{"start":{"line":85,"column":4},"end":{"line":85,"column":null}},"49":{"start":{"line":86,"column":4},"end":{"line":100,"column":null}},"50":{"start":{"line":87,"column":6},"end":{"line":92,"column":null}},"51":{"start":{"line":94,"column":6},"end":{"line":94,"column":null}},"52":{"start":{"line":95,"column":6},"end":{"line":95,"column":null}},"53":{"start":{"line":97,"column":6},"end":{"line":97,"column":null}},"54":{"start":{"line":99,"column":6},"end":{"line":99,"column":null}},"55":{"start":{"line":103,"column":2},"end":{"line":190,"column":null}},"56":{"start":{"line":149,"column":32},"end":{"line":149,"column":null}},"57":{"start":{"line":149,"column":55},"end":{"line":149,"column":57}},"58":{"start":{"line":163,"column":32},"end":{"line":163,"column":null}},"59":{"start":{"line":163,"column":62},"end":{"line":163,"column":64}}},"fnMap":{"0":{"name":"RegisterFields","decl":{"start":{"line":11,"column":24},"end":{"line":11,"column":41}},"loc":{"start":{"line":11,"column":41},"end":{"line":192,"column":null}},"line":11},"1":{"name":"(anonymous_1)","decl":{"start":{"line":27,"column":23},"end":{"line":27,"column":24}},"loc":{"start":{"line":27,"column":30},"end":{"line":34,"column":null}},"line":27},"2":{"name":"(anonymous_2)","decl":{"start":{"line":29,"column":16},"end":{"line":29,"column":17}},"loc":{"start":{"line":29,"column":27},"end":{"line":29,"column":54}},"line":29},"3":{"name":"(anonymous_3)","decl":{"start":{"line":32,"column":16},"end":{"line":32,"column":17}},"loc":{"start":{"line":32,"column":27},"end":{"line":32,"column":58}},"line":32},"4":{"name":"(anonymous_4)","decl":{"start":{"line":36,"column":19},"end":{"line":36,"column":25}},"loc":{"start":{"line":36,"column":25},"end":{"line":77,"column":null}},"line":36},"5":{"name":"(anonymous_5)","decl":{"start":{"line":79,"column":23},"end":{"line":79,"column":30}},"loc":{"start":{"line":79,"column":36},"end":{"line":101,"column":null}},"line":79},"6":{"name":"(anonymous_6)","decl":{"start":{"line":149,"column":26},"end":{"line":149,"column":32}},"loc":{"start":{"line":149,"column":32},"end":{"line":149,"column":null}},"line":149},"7":{"name":"(anonymous_7)","decl":{"start":{"line":149,"column":48},"end":{"line":149,"column":49}},"loc":{"start":{"line":149,"column":55},"end":{"line":149,"column":57}},"line":149},"8":{"name":"(anonymous_8)","decl":{"start":{"line":163,"column":26},"end":{"line":163,"column":32}},"loc":{"start":{"line":163,"column":32},"end":{"line":163,"column":null}},"line":163},"9":{"name":"(anonymous_9)","decl":{"start":{"line":163,"column":55},"end":{"line":163,"column":56}},"loc":{"start":{"line":163,"column":62},"end":{"line":163,"column":64}},"line":163}},"branchMap":{"0":{"loc":{"start":{"line":31,"column":4},"end":{"line":33,"column":null}},"type":"if","locations":[{"start":{"line":31,"column":4},"end":{"line":33,"column":null}},{"start":{},"end":{}}],"line":31},"1":{"loc":{"start":{"line":44,"column":4},"end":{"line":48,"column":null}},"type":"if","locations":[{"start":{"line":44,"column":4},"end":{"line":48,"column":null}},{"start":{"line":46,"column":4},"end":{"line":48,"column":null}}],"line":44},"2":{"loc":{"start":{"line":46,"column":4},"end":{"line":48,"column":null}},"type":"if","locations":[{"start":{"line":46,"column":4},"end":{"line":48,"column":null}},{"start":{},"end":{}}],"line":46},"3":{"loc":{"start":{"line":50,"column":4},"end":{"line":54,"column":null}},"type":"if","locations":[{"start":{"line":50,"column":4},"end":{"line":54,"column":null}},{"start":{"line":52,"column":4},"end":{"line":54,"column":null}}],"line":50},"4":{"loc":{"start":{"line":52,"column":4},"end":{"line":54,"column":null}},"type":"if","locations":[{"start":{"line":52,"column":4},"end":{"line":54,"column":null}},{"start":{},"end":{}}],"line":52},"5":{"loc":{"start":{"line":56,"column":4},"end":{"line":61,"column":null}},"type":"if","locations":[{"start":{"line":56,"column":4},"end":{"line":61,"column":null}},{"start":{},"end":{}}],"line":56},"6":{"loc":{"start":{"line":58,"column":6},"end":{"line":60,"column":null}},"type":"if","locations":[{"start":{"line":58,"column":6},"end":{"line":60,"column":null}},{"start":{},"end":{}}],"line":58},"7":{"loc":{"start":{"line":63,"column":4},"end":{"line":67,"column":null}},"type":"if","locations":[{"start":{"line":63,"column":4},"end":{"line":67,"column":null}},{"start":{"line":65,"column":4},"end":{"line":67,"column":null}}],"line":63},"8":{"loc":{"start":{"line":65,"column":4},"end":{"line":67,"column":null}},"type":"if","locations":[{"start":{"line":65,"column":4},"end":{"line":67,"column":null}},{"start":{},"end":{}}],"line":65},"9":{"loc":{"start":{"line":69,"column":4},"end":{"line":73,"column":null}},"type":"if","locations":[{"start":{"line":69,"column":4},"end":{"line":73,"column":null}},{"start":{"line":71,"column":4},"end":{"line":73,"column":null}}],"line":69},"10":{"loc":{"start":{"line":71,"column":4},"end":{"line":73,"column":null}},"type":"if","locations":[{"start":{"line":71,"column":4},"end":{"line":73,"column":null}},{"start":{},"end":{}}],"line":71},"11":{"loc":{"start":{"line":83,"column":4},"end":{"line":83,"column":null}},"type":"if","locations":[{"start":{"line":83,"column":4},"end":{"line":83,"column":null}},{"start":{},"end":{}}],"line":83},"12":{"loc":{"start":{"line":97,"column":18},"end":{"line":97,"column":54}},"type":"binary-expr","locations":[{"start":{"line":97,"column":18},"end":{"line":97,"column":36}},{"start":{"line":97,"column":36},"end":{"line":97,"column":54}}],"line":97},"13":{"loc":{"start":{"line":144,"column":14},"end":{"line":144,"column":null}},"type":"cond-expr","locations":[{"start":{"line":144,"column":29},"end":{"line":144,"column":38}},{"start":{"line":144,"column":38},"end":{"line":144,"column":null}}],"line":144},"14":{"loc":{"start":{"line":158,"column":14},"end":{"line":158,"column":null}},"type":"cond-expr","locations":[{"start":{"line":158,"column":36},"end":{"line":158,"column":45}},{"start":{"line":158,"column":45},"end":{"line":158,"column":null}}],"line":158},"15":{"loc":{"start":{"line":187,"column":11},"end":{"line":187,"column":null}},"type":"cond-expr","locations":[{"start":{"line":187,"column":23},"end":{"line":187,"column":64}},{"start":{"line":187,"column":64},"end":{"line":187,"column":null}}],"line":187}},"s":{"0":242,"1":242,"2":242,"3":242,"4":242,"5":242,"6":242,"7":242,"8":226,"9":226,"10":226,"11":226,"12":0,"13":0,"14":242,"15":7,"16":7,"17":7,"18":7,"19":7,"20":7,"21":7,"22":1,"23":6,"24":0,"25":7,"26":0,"27":7,"28":1,"29":7,"30":2,"31":2,"32":1,"33":7,"34":0,"35":7,"36":1,"37":7,"38":0,"39":7,"40":1,"41":7,"42":7,"43":242,"44":7,"45":7,"46":7,"47":5,"48":2,"49":2,"50":2,"51":1,"52":1,"53":1,"54":2,"55":242,"56":0,"57":0,"58":0,"59":0},"f":{"0":242,"1":226,"2":226,"3":0,"4":7,"5":7,"6":0,"7":0,"8":0,"9":0},"b":{"0":[0,226],"1":[1,6],"2":[0,6],"3":[0,7],"4":[1,6],"5":[2,5],"6":[1,1],"7":[0,7],"8":[1,6],"9":[0,7],"10":[1,6],"11":[5,2],"12":[1,0],"13":[0,242],"14":[0,242],"15":[2,240]},"meta":{"lastBranch":16,"lastFunction":10,"lastStatement":60,"seen":{"f:11:24:11:41":0,"s:12:38:12:Infinity":0,"s:13:52:13:Infinity":1,"s:14:32:14:Infinity":2,"s:15:26:15:Infinity":3,"s:16:19:16:Infinity":4,"s:17:30:23:Infinity":5,"s:25:8:25:Infinity":6,"s:27:23:34:Infinity":7,"f:27:23:27:24":1,"s:28:28:28:Infinity":8,"s:29:4:29:Infinity":9,"f:29:16:29:17":2,"s:29:27:29:54":10,"b:31:4:33:Infinity:undefined:undefined:undefined:undefined":0,"s:31:4:33:Infinity":11,"s:32:6:32:Infinity":12,"f:32:16:32:17":3,"s:32:27:32:58":13,"s:36:19:77:Infinity":14,"f:36:19:36:25":4,"s:37:22:37:Infinity":15,"s:38:21:38:Infinity":16,"s:39:18:39:Infinity":17,"s:40:18:40:Infinity":18,"s:41:21:41:Infinity":19,"s:42:28:42:Infinity":20,"b:44:4:48:Infinity:46:4:48:Infinity":1,"s:44:4:48:Infinity":21,"s:45:6:45:Infinity":22,"b:46:4:48:Infinity:undefined:undefined:undefined:undefined":2,"s:46:4:48:Infinity":23,"s:47:6:47:Infinity":24,"b:50:4:54:Infinity:52:4:54:Infinity":3,"s:50:4:54:Infinity":25,"s:51:6:51:Infinity":26,"b:52:4:54:Infinity:undefined:undefined:undefined:undefined":4,"s:52:4:54:Infinity":27,"s:53:6:53:Infinity":28,"b:56:4:61:Infinity:undefined:undefined:undefined:undefined":5,"s:56:4:61:Infinity":29,"s:57:22:57:Infinity":30,"b:58:6:60:Infinity:undefined:undefined:undefined:undefined":6,"s:58:6:60:Infinity":31,"s:59:8:59:Infinity":32,"b:63:4:67:Infinity:65:4:67:Infinity":7,"s:63:4:67:Infinity":33,"s:64:6:64:Infinity":34,"b:65:4:67:Infinity:undefined:undefined:undefined:undefined":8,"s:65:4:67:Infinity":35,"s:66:6:66:Infinity":36,"b:69:4:73:Infinity:71:4:73:Infinity":9,"s:69:4:73:Infinity":37,"s:70:6:70:Infinity":38,"b:71:4:73:Infinity:undefined:undefined:undefined:undefined":10,"s:71:4:73:Infinity":39,"s:72:6:72:Infinity":40,"s:75:4:75:Infinity":41,"s:76:4:76:Infinity":42,"s:79:23:101:Infinity":43,"f:79:23:79:30":5,"s:80:4:80:Infinity":44,"s:81:4:81:Infinity":45,"b:83:4:83:Infinity:undefined:undefined:undefined:undefined":11,"s:83:4:83:Infinity":46,"s:83:21:83:Infinity":47,"s:85:4:85:Infinity":48,"s:86:4:100:Infinity":49,"s:87:6:92:Infinity":50,"s:94:6:94:Infinity":51,"s:95:6:95:Infinity":52,"s:97:6:97:Infinity":53,"b:97:18:97:36:97:36:97:54":12,"s:99:6:99:Infinity":54,"s:103:2:190:Infinity":55,"b:144:29:144:38:144:38:144:Infinity":13,"f:149:26:149:32":6,"s:149:32:149:Infinity":56,"f:149:48:149:49":7,"s:149:55:149:57":57,"b:158:36:158:45:158:45:158:Infinity":14,"f:163:26:163:32":8,"s:163:32:163:Infinity":58,"f:163:55:163:56":9,"s:163:62:163:64":59,"b:187:23:187:64:187:64:187:Infinity":15}}}
,"D:\\movie-booking-frontend\\src\\components\\shared\\LoadingIcon.jsx": {"path":"D:\\movie-booking-frontend\\src\\components\\shared\\LoadingIcon.jsx","statementMap":{"0":{"start":{"line":3,"column":2},"end":{"line":10,"column":null}}},"fnMap":{"0":{"name":"LoadingIcon","decl":{"start":{"line":2,"column":24},"end":{"line":2,"column":36}},"loc":{"start":{"line":2,"column":46},"end":{"line":12,"column":null}},"line":2}},"branchMap":{},"s":{"0":6},"f":{"0":6},"b":{},"meta":{"lastBranch":0,"lastFunction":1,"lastStatement":1,"seen":{"f:2:24:2:36":0,"s:3:2:10:Infinity":0}}}
,"D:\\movie-booking-frontend\\src\\components\\shared\\TextInput.jsx": {"path":"D:\\movie-booking-frontend\\src\\components\\shared\\TextInput.jsx","statementMap":{"0":{"start":{"line":6,"column":2},"end":{"line":23,"column":null}}},"fnMap":{"0":{"name":"TextInput","decl":{"start":{"line":2,"column":24},"end":{"line":2,"column":34}},"loc":{"start":{"line":5,"column":3},"end":{"line":25,"column":null}},"line":5}},"branchMap":{"0":{"loc":{"start":{"line":4,"column":2},"end":{"line":4,"column":15}},"type":"default-arg","locations":[{"start":{"line":4,"column":7},"end":{"line":4,"column":15}}],"line":4},"1":{"loc":{"start":{"line":8,"column":7},"end":{"line":8,"column":null}},"type":"binary-expr","locations":[{"start":{"line":8,"column":7},"end":{"line":8,"column":16}},{"start":{"line":8,"column":16},"end":{"line":8,"column":null}}],"line":8},"2":{"loc":{"start":{"line":9,"column":67},"end":{"line":9,"column":113}},"type":"cond-expr","locations":[{"start":{"line":9,"column":74},"end":{"line":9,"column":96}},{"start":{"line":9,"column":96},"end":{"line":9,"column":113}}],"line":9},"3":{"loc":{"start":{"line":10,"column":9},"end":{"line":10,"column":null}},"type":"binary-expr","locations":[{"start":{"line":10,"column":9},"end":{"line":10,"column":17}},{"start":{"line":10,"column":17},"end":{"line":10,"column":null}}],"line":10},"4":{"loc":{"start":{"line":16,"column":9},"end":{"line":19,"column":null}},"type":"binary-expr","locations":[{"start":{"line":16,"column":9},"end":{"line":16,"column":null}},{"start":{"line":17,"column":10},"end":{"line":19,"column":null}}],"line":16},"5":{"loc":{"start":{"line":18,"column":13},"end":{"line":18,"column":null}},"type":"cond-expr","locations":[{"start":{"line":18,"column":27},"end":{"line":18,"column":34}},{"start":{"line":18,"column":34},"end":{"line":18,"column":null}}],"line":18},"6":{"loc":{"start":{"line":22,"column":7},"end":{"line":22,"column":null}},"type":"binary-expr","locations":[{"start":{"line":22,"column":7},"end":{"line":22,"column":16}},{"start":{"line":22,"column":16},"end":{"line":22,"column":null}}],"line":22}},"s":{"0":1422},"f":{"0":1422},"b":{"0":[1422],"1":[1422,1422],"2":[10,1412],"3":[1422,1422],"4":[1422,590],"5":[0,590],"6":[1422,10]},"meta":{"lastBranch":7,"lastFunction":1,"lastStatement":1,"seen":{"f:2:24:2:34":0,"b:4:7:4:15":0,"s:6:2:23:Infinity":0,"b:8:7:8:16:8:16:8:Infinity":1,"b:9:74:9:96:9:96:9:113":2,"b:10:9:10:17:10:17:10:Infinity":3,"b:16:9:16:Infinity:17:10:19:Infinity":4,"b:18:27:18:34:18:34:18:Infinity":5,"b:22:7:22:16:22:16:22:Infinity":6}}}
,"D:\\movie-booking-frontend\\src\\routes\\AdminRoute.jsx": {"path":"D:\\movie-booking-frontend\\src\\routes\\AdminRoute.jsx","statementMap":{"0":{"start":{"line":6,"column":44},"end":{"line":6,"column":null}},"1":{"start":{"line":7,"column":8},"end":{"line":7,"column":null}},"2":{"start":{"line":10,"column":2},"end":{"line":16,"column":null}},"3":{"start":{"line":11,"column":4},"end":{"line":14,"column":null}},"4":{"start":{"line":19,"column":2},"end":{"line":27,"column":null}},"5":{"start":{"line":20,"column":4},"end":{"line":25,"column":null}},"6":{"start":{"line":30,"column":2},"end":{"line":32,"column":null}},"7":{"start":{"line":31,"column":4},"end":{"line":31,"column":null}},"8":{"start":{"line":35,"column":2},"end":{"line":35,"column":null}}},"fnMap":{"0":{"name":"AdminRoute","decl":{"start":{"line":5,"column":24},"end":{"line":5,"column":35}},"loc":{"start":{"line":5,"column":49},"end":{"line":36,"column":null}},"line":5}},"branchMap":{"0":{"loc":{"start":{"line":10,"column":2},"end":{"line":16,"column":null}},"type":"if","locations":[{"start":{"line":10,"column":2},"end":{"line":16,"column":null}},{"start":{},"end":{}}],"line":10},"1":{"loc":{"start":{"line":19,"column":2},"end":{"line":27,"column":null}},"type":"if","locations":[{"start":{"line":19,"column":2},"end":{"line":27,"column":null}},{"start":{},"end":{}}],"line":19},"2":{"loc":{"start":{"line":30,"column":2},"end":{"line":32,"column":null}},"type":"if","locations":[{"start":{"line":30,"column":2},"end":{"line":32,"column":null}},{"start":{},"end":{}}],"line":30}},"s":{"0":4,"1":4,"2":4,"3":1,"4":3,"5":1,"6":2,"7":1,"8":1},"f":{"0":4},"b":{"0":[1,3],"1":[1,2],"2":[1,1]},"meta":{"lastBranch":3,"lastFunction":1,"lastStatement":9,"seen":{"f:5:24:5:35":0,"s:6:44:6:Infinity":0,"s:7:8:7:Infinity":1,"b:10:2:16:Infinity:undefined:undefined:undefined:undefined":0,"s:10:2:16:Infinity":2,"s:11:4:14:Infinity":3,"b:19:2:27:Infinity:undefined:undefined:undefined:undefined":1,"s:19:2:27:Infinity":4,"s:20:4:25:Infinity":5,"b:30:2:32:Infinity:undefined:undefined:undefined:undefined":2,"s:30:2:32:Infinity":6,"s:31:4:31:Infinity":7,"s:35:2:35:Infinity":8}}}
,"D:\\movie-booking-frontend\\src\\routes\\PrivateRoute.jsx": {"path":"D:\\movie-booking-frontend\\src\\routes\\PrivateRoute.jsx","statementMap":{"0":{"start":{"line":6,"column":35},"end":{"line":6,"column":null}},"1":{"start":{"line":7,"column":8},"end":{"line":7,"column":null}},"2":{"start":{"line":10,"column":2},"end":{"line":16,"column":null}},"3":{"start":{"line":11,"column":4},"end":{"line":14,"column":null}},"4":{"start":{"line":19,"column":2},"end":{"line":23,"column":null}},"5":{"start":{"line":20,"column":4},"end":{"line":21,"column":null}},"6":{"start":{"line":26,"column":2},"end":{"line":26,"column":null}}},"fnMap":{"0":{"name":"PrivateRoute","decl":{"start":{"line":5,"column":24},"end":{"line":5,"column":39}},"loc":{"start":{"line":5,"column":39},"end":{"line":27,"column":null}},"line":5}},"branchMap":{"0":{"loc":{"start":{"line":10,"column":2},"end":{"line":16,"column":null}},"type":"if","locations":[{"start":{"line":10,"column":2},"end":{"line":16,"column":null}},{"start":{},"end":{}}],"line":10},"1":{"loc":{"start":{"line":19,"column":2},"end":{"line":23,"column":null}},"type":"if","locations":[{"start":{"line":19,"column":2},"end":{"line":23,"column":null}},{"start":{},"end":{}}],"line":19}},"s":{"0":3,"1":3,"2":3,"3":1,"4":2,"5":1,"6":1},"f":{"0":3},"b":{"0":[1,2],"1":[1,1]},"meta":{"lastBranch":2,"lastFunction":1,"lastStatement":7,"seen":{"f:5:24:5:39":0,"s:6:35:6:Infinity":0,"s:7:8:7:Infinity":1,"b:10:2:16:Infinity:undefined:undefined:undefined:undefined":0,"s:10:2:16:Infinity":2,"s:11:4:14:Infinity":3,"b:19:2:23:Infinity:undefined:undefined:undefined:undefined":1,"s:19:2:23:Infinity":4,"s:20:4:21:Infinity":5,"s:26:2:26:Infinity":6}}}
}
